INFO: [VRFC 10-2263] Analyzing Verilog file "C:/Users/User/Desktop/cad_project/16-bit-Pipelined-processor/src/CTR.v" into library xil_defaultlib
INFO: [VRFC 10-311] analyzing module CTR
INFO: [VRFC 10-2263] Analyzing Verilog file "C:/Users/User/Desktop/cad_project/16-bit-Pipelined-processor/src/EX.v" into library xil_defaultlib
INFO: [VRFC 10-311] analyzing module EX
INFO: [VRFC 10-2263] Analyzing Verilog file "C:/Users/User/Desktop/cad_project/16-bit-Pipelined-processor/src/ID.v" into library xil_defaultlib
INFO: [VRFC 10-311] analyzing module CTR
WARNING: [VRFC 10-3609] overwriting previous definition of module 'CTR' [C:/Users/User/Desktop/cad_project/16-bit-Pipelined-processor/src/CTR.v:1]
INFO: [VRFC 10-311] analyzing module ID
INFO: [VRFC 10-2263] Analyzing Verilog file "C:/Users/User/Desktop/cad_project/16-bit-Pipelined-processor/src/IF.v" into library xil_defaultlib
INFO: [VRFC 10-311] analyzing module IF
INFO: [VRFC 10-2263] Analyzing Verilog file "C:/Users/User/Desktop/cad_project/16-bit-Pipelined-processor/src/MEM.v" into library xil_defaultlib
INFO: [VRFC 10-311] analyzing module MEM
INFO: [VRFC 10-2263] Analyzing Verilog file "C:/Users/User/Desktop/cad_project/16-bit-Pipelined-processor/src/WB.v" into library xil_defaultlib
INFO: [VRFC 10-311] analyzing module WB
INFO: [VRFC 10-2263] Analyzing Verilog file "C:/Users/User/Desktop/cad_project/16-bit-Pipelined-processor/src/hazardUnit.v" into library xil_defaultlib
INFO: [VRFC 10-311] analyzing module hazardUnit
INFO: [VRFC 10-2263] Analyzing Verilog file "C:/Users/User/Desktop/cad_project/16-bit-Pipelined-processor/src/pipelinedPS.v" into library xil_defaultlib
INFO: [VRFC 10-311] analyzing module pipelinedPS
INFO: [VRFC 10-2263] Analyzing Verilog file "C:/Users/User/Desktop/cad_project/16-bit-Pipelined-processor/src/reg_file.v" into library xil_defaultlib
INFO: [VRFC 10-311] analyzing module reg_file
INFO: [VRFC 10-2263] Analyzing Verilog file "C:/Users/User/Desktop/cad_project/16-bit-Pipelined-processor/sim/tb/pipeline_test.v" into library xil_defaultlib
INFO: [VRFC 10-311] analyzing module pipeline_test
