#! /c/Source/iverilog-install/bin/vvp
:ivl_version "12.0 (devel)" "(s20150603-1539-g2693dd32b)";
:ivl_delay_selection "TYPICAL";
:vpi_time_precision + 0;
:vpi_module "C:\iverilog\lib\ivl\system.vpi";
:vpi_module "C:\iverilog\lib\ivl\vhdl_sys.vpi";
:vpi_module "C:\iverilog\lib\ivl\vhdl_textio.vpi";
:vpi_module "C:\iverilog\lib\ivl\v2005_math.vpi";
:vpi_module "C:\iverilog\lib\ivl\va_math.vpi";
S_0000022603776760 .scope module, "CTR" "CTR" 2 1;
 .timescale 0 0;
    .port_info 0 /INPUT 4 "opcode_i";
    .port_info 1 /OUTPUT 1 "RegWrite";
    .port_info 2 /OUTPUT 2 "ALUop";
    .port_info 3 /OUTPUT 1 "Branch";
    .port_info 4 /OUTPUT 1 "MemRead";
    .port_info 5 /OUTPUT 1 "RegDst";
    .port_info 6 /OUTPUT 1 "MemWrite";
    .port_info 7 /OUTPUT 1 "Jump";
    .port_info 8 /OUTPUT 1 "MemToReg";
    .port_info 9 /OUTPUT 1 "Mov";
    .port_info 10 /OUTPUT 1 "Floating";
    .port_info 11 /OUTPUT 1 "Stop";
    .port_info 12 /OUTPUT 1 "R_type";
P_00000226037c1c80 .param/l "ADD" 1 2 18, C4<0010>;
P_00000226037c1cb8 .param/l "ADDF" 1 2 25, C4<1000>;
P_00000226037c1cf0 .param/l "ADDF_CV" 1 2 53, C4<100000000010>;
P_00000226037c1d28 .param/l "ADD_CV" 1 2 46, C4<100000000000>;
P_00000226037c1d60 .param/l "CV_WIDTH" 0 2 2, +C4<00000000000000000000000000001100>;
P_00000226037c1d98 .param/l "JMPZ" 1 2 23, C4<0101>;
P_00000226037c1dd0 .param/l "JMPZ_CV" 1 2 51, C4<000100000000>;
P_00000226037c1e08 .param/l "LW" 1 2 20, C4<0000>;
P_00000226037c1e40 .param/l "LW_CV" 1 2 48, C4<100011001000>;
P_00000226037c1e78 .param/l "MOV" 1 2 22, C4<0011>;
P_00000226037c1eb0 .param/l "MOV_CV" 1 2 50, C4<100001000100>;
P_00000226037c1ee8 .param/l "MULTF" 1 2 26, C4<1001>;
P_00000226037c1f20 .param/l "MULTF_CV" 1 2 54, C4<100000000010>;
P_00000226037c1f58 .param/l "NOP" 1 2 27, C4<1111>;
P_00000226037c1f90 .param/l "NOP_CV" 1 2 55, C4<000000000000>;
P_00000226037c1fc8 .param/l "OP_WIDTH" 0 2 1, +C4<00000000000000000000000000000100>;
P_00000226037c2000 .param/l "SLT" 1 2 28, C4<1010>;
P_00000226037c2038 .param/l "SLT_CV" 1 2 56, C4<110000000000>;
P_00000226037c2070 .param/l "STOP" 1 2 24, C4<0111>;
P_00000226037c20a8 .param/l "STOP_CV" 1 2 52, C4<000000000001>;
P_00000226037c20e0 .param/l "SUB" 1 2 21, C4<0100>;
P_00000226037c2118 .param/l "SUB_CV" 1 2 49, C4<101000000000>;
P_00000226037c2150 .param/l "SW" 1 2 19, C4<0001>;
P_00000226037c2188 .param/l "SW_CV" 1 2 47, C4<000000100000>;
L_00000226037bdde0 .functor OR 1, L_0000022603828380, L_00000226038277a0, C4<0>, C4<0>;
L_00000226037bde50 .functor OR 1, L_00000226037bdde0, L_0000022603828420, C4<0>, C4<0>;
L_00000226037bdf30 .functor OR 1, L_00000226037bde50, L_00000226038289c0, C4<0>, C4<0>;
L_00000226037bd8a0 .functor OR 1, L_00000226037bdf30, L_0000022603827660, C4<0>, C4<0>;
L_00000226037bdfa0 .functor OR 1, L_00000226037bd8a0, L_0000022603827ca0, C4<0>, C4<0>;
L_00000226037bd910 .functor OR 1, L_00000226037bdfa0, L_0000022603828a60, C4<0>, C4<0>;
v00000226037bf4a0_0 .net "ALUop", 1 0, L_0000022603828c40;  1 drivers
v00000226037bf5e0_0 .net "Branch", 0 0, L_00000226038284c0;  1 drivers
v00000226037bf680_0 .net "Floating", 0 0, L_0000022603827de0;  1 drivers
v00000226037bf720_0 .net "Jump", 0 0, L_0000022603827840;  1 drivers
v00000226037bf7c0_0 .net "MemRead", 0 0, L_0000022603828ce0;  1 drivers
v00000226037bf860_0 .net "MemToReg", 0 0, L_0000022603827340;  1 drivers
v00000226037bef00_0 .net "MemWrite", 0 0, L_0000022603827d40;  1 drivers
v00000226037bebe0_0 .net "Mov", 0 0, L_00000226038281a0;  1 drivers
v00000226037bf900_0 .net "R_type", 0 0, L_00000226037bd910;  1 drivers
v00000226037bf9a0_0 .net "RegDst", 0 0, L_0000022603827160;  1 drivers
v00000226037bfa40_0 .net "RegWrite", 0 0, L_0000022603828ec0;  1 drivers
v00000226037bfae0_0 .net "Stop", 0 0, L_0000022603872c00;  1 drivers
v00000226037bed20_0 .net "_ADDF_", 0 0, L_0000022603828740;  1 drivers
v00000226038278e0_0 .net "_ADD_", 0 0, L_0000022603828380;  1 drivers
v0000022603827980_0 .net "_JMPZ_", 0 0, L_0000022603827ca0;  1 drivers
v0000022603828920_0 .net "_LW_", 0 0, L_0000022603827c00;  1 drivers
v0000022603827b60_0 .net "_MOV_", 0 0, L_0000022603828f60;  1 drivers
v0000022603827e80_0 .net "_MULTF_", 0 0, L_0000022603828420;  1 drivers
v0000022603828880_0 .net "_NOP_", 0 0, L_00000226038289c0;  1 drivers
v00000226038287e0_0 .net "_SLT_", 0 0, L_0000022603828a60;  1 drivers
v0000022603828d80_0 .net "_STOP_", 0 0, L_0000022603827660;  1 drivers
v00000226038270c0_0 .net "_SUB_", 0 0, L_00000226038277a0;  1 drivers
v00000226038272a0_0 .net "_SW_", 0 0, L_0000022603828100;  1 drivers
L_0000022603829088 .functor BUFT 1, C4<0010>, C4<0>, C4<0>, C4<0>;
v0000022603828ba0_0 .net/2u *"_ivl_0", 3 0, L_0000022603829088;  1 drivers
L_0000022603829160 .functor BUFT 1, C4<0100>, C4<0>, C4<0>, C4<0>;
v0000022603828560_0 .net/2u *"_ivl_12", 3 0, L_0000022603829160;  1 drivers
L_00000226038291a8 .functor BUFT 1, C4<0011>, C4<0>, C4<0>, C4<0>;
v0000022603827a20_0 .net/2u *"_ivl_16", 3 0, L_00000226038291a8;  1 drivers
L_00000226038291f0 .functor BUFT 1, C4<0101>, C4<0>, C4<0>, C4<0>;
v0000022603828e20_0 .net/2u *"_ivl_20", 3 0, L_00000226038291f0;  1 drivers
L_0000022603829238 .functor BUFT 1, C4<0111>, C4<0>, C4<0>, C4<0>;
v0000022603827480_0 .net/2u *"_ivl_24", 3 0, L_0000022603829238;  1 drivers
L_0000022603829280 .functor BUFT 1, C4<1000>, C4<0>, C4<0>, C4<0>;
v0000022603828240_0 .net/2u *"_ivl_28", 3 0, L_0000022603829280;  1 drivers
L_00000226038292c8 .functor BUFT 1, C4<1001>, C4<0>, C4<0>, C4<0>;
v00000226038286a0_0 .net/2u *"_ivl_32", 3 0, L_00000226038292c8;  1 drivers
L_0000022603829310 .functor BUFT 1, C4<1111>, C4<0>, C4<0>, C4<0>;
v0000022603827fc0_0 .net/2u *"_ivl_36", 3 0, L_0000022603829310;  1 drivers
L_00000226038290d0 .functor BUFT 1, C4<0001>, C4<0>, C4<0>, C4<0>;
v0000022603827ac0_0 .net/2u *"_ivl_4", 3 0, L_00000226038290d0;  1 drivers
L_0000022603829358 .functor BUFT 1, C4<1010>, C4<0>, C4<0>, C4<0>;
v0000022603827f20_0 .net/2u *"_ivl_40", 3 0, L_0000022603829358;  1 drivers
v0000022603828060_0 .net *"_ivl_45", 0 0, L_00000226037bdde0;  1 drivers
v00000226038282e0_0 .net *"_ivl_47", 0 0, L_00000226037bde50;  1 drivers
v00000226038275c0_0 .net *"_ivl_49", 0 0, L_00000226037bdf30;  1 drivers
v0000022603827200_0 .net *"_ivl_51", 0 0, L_00000226037bd8a0;  1 drivers
v00000226038273e0_0 .net *"_ivl_53", 0 0, L_00000226037bdfa0;  1 drivers
v0000022603828b00_0 .net *"_ivl_69", 11 0, v0000022603828600_0;  1 drivers
L_0000022603829118 .functor BUFT 1, C4<0000>, C4<0>, C4<0>, C4<0>;
v0000022603827520_0 .net/2u *"_ivl_8", 3 0, L_0000022603829118;  1 drivers
v0000022603828600_0 .var "control_vector", 11 0;
o00000226037d2768 .functor BUFZ 4, C4<zzzz>; HiZ drive
v0000022603827700_0 .net "opcode_i", 3 0, o00000226037d2768;  0 drivers
E_00000226037bcd30 .event anyedge, v0000022603827700_0;
L_0000022603828380 .cmp/eq 4, o00000226037d2768, L_0000022603829088;
L_0000022603828100 .cmp/eq 4, o00000226037d2768, L_00000226038290d0;
L_0000022603827c00 .cmp/eq 4, o00000226037d2768, L_0000022603829118;
L_00000226038277a0 .cmp/eq 4, o00000226037d2768, L_0000022603829160;
L_0000022603828f60 .cmp/eq 4, o00000226037d2768, L_00000226038291a8;
L_0000022603827ca0 .cmp/eq 4, o00000226037d2768, L_00000226038291f0;
L_0000022603827660 .cmp/eq 4, o00000226037d2768, L_0000022603829238;
L_0000022603828740 .cmp/eq 4, o00000226037d2768, L_0000022603829280;
L_0000022603828420 .cmp/eq 4, o00000226037d2768, L_00000226038292c8;
L_00000226038289c0 .cmp/eq 4, o00000226037d2768, L_0000022603829310;
L_0000022603828a60 .cmp/eq 4, o00000226037d2768, L_0000022603829358;
L_0000022603828ec0 .part v0000022603828600_0, 11, 1;
L_0000022603828c40 .part v0000022603828600_0, 9, 2;
L_00000226038284c0 .part v0000022603828600_0, 8, 1;
L_0000022603828ce0 .part v0000022603828600_0, 7, 1;
L_0000022603827160 .part v0000022603828600_0, 6, 1;
L_0000022603827d40 .part v0000022603828600_0, 5, 1;
L_0000022603827840 .part v0000022603828600_0, 4, 1;
L_0000022603827340 .part v0000022603828600_0, 3, 1;
L_00000226038281a0 .part v0000022603828600_0, 2, 1;
L_0000022603827de0 .part v0000022603828600_0, 1, 1;
L_0000022603872c00 .part v0000022603828600_0, 0, 1;
    .scope S_0000022603776760;
T_0 ;
    %wait E_00000226037bcd30;
    %load/vec4 v0000022603827700_0;
    %dup/vec4;
    %pushi/vec4 2, 0, 4;
    %cmp/u;
    %jmp/1 T_0.0, 6;
    %dup/vec4;
    %pushi/vec4 1, 0, 4;
    %cmp/u;
    %jmp/1 T_0.1, 6;
    %dup/vec4;
    %pushi/vec4 0, 0, 4;
    %cmp/u;
    %jmp/1 T_0.2, 6;
    %dup/vec4;
    %pushi/vec4 4, 0, 4;
    %cmp/u;
    %jmp/1 T_0.3, 6;
    %dup/vec4;
    %pushi/vec4 3, 0, 4;
    %cmp/u;
    %jmp/1 T_0.4, 6;
    %dup/vec4;
    %pushi/vec4 5, 0, 4;
    %cmp/u;
    %jmp/1 T_0.5, 6;
    %dup/vec4;
    %pushi/vec4 7, 0, 4;
    %cmp/u;
    %jmp/1 T_0.6, 6;
    %dup/vec4;
    %pushi/vec4 8, 0, 4;
    %cmp/u;
    %jmp/1 T_0.7, 6;
    %dup/vec4;
    %pushi/vec4 9, 0, 4;
    %cmp/u;
    %jmp/1 T_0.8, 6;
    %dup/vec4;
    %pushi/vec4 15, 0, 4;
    %cmp/u;
    %jmp/1 T_0.9, 6;
    %pushi/vec4 15, 0, 12;
    %store/vec4 v0000022603828600_0, 0, 12;
    %jmp T_0.11;
T_0.0 ;
    %pushi/vec4 2048, 0, 12;
    %store/vec4 v0000022603828600_0, 0, 12;
    %jmp T_0.11;
T_0.1 ;
    %pushi/vec4 32, 0, 12;
    %store/vec4 v0000022603828600_0, 0, 12;
    %jmp T_0.11;
T_0.2 ;
    %pushi/vec4 2248, 0, 12;
    %store/vec4 v0000022603828600_0, 0, 12;
    %jmp T_0.11;
T_0.3 ;
    %pushi/vec4 2560, 0, 12;
    %store/vec4 v0000022603828600_0, 0, 12;
    %jmp T_0.11;
T_0.4 ;
    %pushi/vec4 2116, 0, 12;
    %store/vec4 v0000022603828600_0, 0, 12;
    %jmp T_0.11;
T_0.5 ;
    %pushi/vec4 256, 0, 12;
    %store/vec4 v0000022603828600_0, 0, 12;
    %jmp T_0.11;
T_0.6 ;
    %pushi/vec4 1, 0, 12;
    %store/vec4 v0000022603828600_0, 0, 12;
    %jmp T_0.11;
T_0.7 ;
    %pushi/vec4 2050, 0, 12;
    %store/vec4 v0000022603828600_0, 0, 12;
    %jmp T_0.11;
T_0.8 ;
    %pushi/vec4 2050, 0, 12;
    %store/vec4 v0000022603828600_0, 0, 12;
    %jmp T_0.11;
T_0.9 ;
    %pushi/vec4 0, 0, 12;
    %store/vec4 v0000022603828600_0, 0, 12;
    %jmp T_0.11;
T_0.11 ;
    %pop/vec4 1;
    %jmp T_0;
    .thread T_0, $push;
# The file index is used to find the file name in the following table.
:file_names 3;
    "N/A";
    "<interactive>";
    "CTR.v";
