#! /c/Source/iverilog-install/bin/vvp
:ivl_version "12.0 (devel)" "(s20150603-1539-g2693dd32b)";
:ivl_delay_selection "TYPICAL";
:vpi_time_precision + 0;
:vpi_module "C:\iverilog\lib\ivl\system.vpi";
:vpi_module "C:\iverilog\lib\ivl\vhdl_sys.vpi";
:vpi_module "C:\iverilog\lib\ivl\vhdl_textio.vpi";
:vpi_module "C:\iverilog\lib\ivl\v2005_math.vpi";
:vpi_module "C:\iverilog\lib\ivl\va_math.vpi";
S_000001e755266650 .scope module, "EX" "EX" 2 1;
 .timescale 0 0;
    .port_info 0 /INPUT 1 "clk";
    .port_info 1 /INPUT 1 "rst";
    .port_info 2 /INPUT 8 "PCE_i";
    .port_info 3 /INPUT 16 "r1_data_r_i";
    .port_info 4 /INPUT 16 "r2_data_r_i";
    .port_info 5 /INPUT 8 "imm8E_i";
    .port_info 6 /INPUT 4 "rsE_i";
    .port_info 7 /INPUT 4 "rdE_i";
    .port_info 8 /INPUT 1 "flush_EX_MEM_i";
    .port_info 9 /INPUT 1 "stall_EX_MEM_i";
    .port_info 10 /INPUT 1 "RegWriteE_i";
    .port_info 11 /INPUT 2 "ALUopE_i";
    .port_info 12 /INPUT 1 "BranchE_i";
    .port_info 13 /INPUT 1 "MemReadE_i";
    .port_info 14 /INPUT 1 "RegDstE_i";
    .port_info 15 /INPUT 1 "MemWriteE_i";
    .port_info 16 /INPUT 1 "MemToRegE_i";
    .port_info 17 /INPUT 1 "MovE_i";
    .port_info 18 /INPUT 1 "FloatingE_i";
    .port_info 19 /INPUT 1 "jumpE_i";
    .port_info 20 /OUTPUT 8 "PCM_o";
    .port_info 21 /OUTPUT 16 "WriteDataM_o";
    .port_info 22 /OUTPUT 8 "imm8M_o";
    .port_info 23 /OUTPUT 4 "rsM_o";
    .port_info 24 /OUTPUT 4 "WriteRegM_o";
    .port_info 25 /OUTPUT 16 "alu_outM_o";
    .port_info 26 /OUTPUT 1 "RegWriteM_o";
    .port_info 27 /OUTPUT 1 "BranchM_o";
    .port_info 28 /OUTPUT 1 "MemReadM_o";
    .port_info 29 /OUTPUT 1 "MemWriteM_o";
    .port_info 30 /OUTPUT 1 "MemToRegM_o";
    .port_info 31 /OUTPUT 1 "MovM_o";
    .port_info 32 /OUTPUT 1 "jumpM_o";
    .port_info 33 /INPUT 16 "WBResultM_i";
    .port_info 34 /INPUT 16 "ResultW_i";
    .port_info 35 /INPUT 2 "alu_src1_i";
    .port_info 36 /INPUT 2 "alu_src2_i";
P_000001e7552667e0 .param/l "ADDR_WIDTH" 0 2 2, +C4<00000000000000000000000000001000>;
P_000001e755266818 .param/l "CV_WIDTH" 0 2 5, +C4<00000000000000000000000000001011>;
P_000001e755266850 .param/l "DATA_WIDTH" 0 2 1, +C4<00000000000000000000000000010000>;
P_000001e755266888 .param/l "IMM8_WIDTH" 0 2 3, +C4<00000000000000000000000000001000>;
P_000001e7552668c0 .param/l "OP_WIDTH" 0 2 6, +C4<00000000000000000000000000000100>;
P_000001e7552668f8 .param/l "REG_WIDTH" 0 2 4, +C4<00000000000000000000000000000100>;
L_000001e7550ea7b0 .functor BUFZ 16, v000001e75513a400_0, C4<0000000000000000>, C4<0000000000000000>, C4<0000000000000000>;
o000001e7550efa58 .functor BUFZ 2, C4<zz>; HiZ drive
v000001e755266d90_0 .net "ALUopE_i", 1 0, o000001e7550efa58;  0 drivers
o000001e7550efa88 .functor BUFZ 1, C4<z>; HiZ drive
v000001e755266c00_0 .net "BranchE_i", 0 0, o000001e7550efa88;  0 drivers
v000001e755139730_0 .var "BranchM_o", 0 0;
o000001e7550efae8 .functor BUFZ 1, C4<z>; HiZ drive
v000001e7551397d0_0 .net "FloatingE_i", 0 0, o000001e7550efae8;  0 drivers
o000001e7550efb18 .functor BUFZ 1, C4<z>; HiZ drive
v000001e755139870_0 .net "MemReadE_i", 0 0, o000001e7550efb18;  0 drivers
v000001e755139910_0 .var "MemReadM_o", 0 0;
o000001e7550efb78 .functor BUFZ 1, C4<z>; HiZ drive
v000001e7551399b0_0 .net "MemToRegE_i", 0 0, o000001e7550efb78;  0 drivers
v000001e755139a50_0 .var "MemToRegM_o", 0 0;
o000001e7550efbd8 .functor BUFZ 1, C4<z>; HiZ drive
v000001e755139af0_0 .net "MemWriteE_i", 0 0, o000001e7550efbd8;  0 drivers
v000001e755139b90_0 .var "MemWriteM_o", 0 0;
o000001e7550efc38 .functor BUFZ 1, C4<z>; HiZ drive
v000001e75513a180_0 .net "MovE_i", 0 0, o000001e7550efc38;  0 drivers
v000001e75513a7c0_0 .var "MovM_o", 0 0;
o000001e7550efc98 .functor BUFZ 8, C4<zzzzzzzz>; HiZ drive
v000001e75513a220_0 .net "PCE_i", 7 0, o000001e7550efc98;  0 drivers
v000001e755139fa0_0 .var "PCM_o", 7 0;
o000001e7550efcf8 .functor BUFZ 1, C4<z>; HiZ drive
v000001e75513a2c0_0 .net "RegDstE_i", 0 0, o000001e7550efcf8;  0 drivers
o000001e7550efd28 .functor BUFZ 1, C4<z>; HiZ drive
v000001e75513a860_0 .net "RegWriteE_i", 0 0, o000001e7550efd28;  0 drivers
v000001e755139d20_0 .var "RegWriteM_o", 0 0;
o000001e7550efd88 .functor BUFZ 16, C4<zzzzzzzzzzzzzzzz>; HiZ drive
v000001e755139dc0_0 .net "ResultW_i", 15 0, o000001e7550efd88;  0 drivers
o000001e7550efdb8 .functor BUFZ 16, C4<zzzzzzzzzzzzzzzz>; HiZ drive
v000001e75513aa40_0 .net "WBResultM_i", 15 0, o000001e7550efdb8;  0 drivers
v000001e75513a680_0 .net "WriteDataE_w", 15 0, L_000001e7550ea7b0;  1 drivers
v000001e755139c80_0 .var "WriteDataM_o", 15 0;
v000001e75513a4a0_0 .net "WriteRegE_w", 15 0, L_000001e75513b2d0;  1 drivers
v000001e755139e60_0 .var "WriteRegM_o", 3 0;
v000001e75513a360_0 .net *"_ivl_2", 15 0, L_000001e75513c130;  1 drivers
L_000001e75513d4a8 .functor BUFT 1, C4<000000000000>, C4<0>, C4<0>, C4<0>;
v000001e75513a5e0_0 .net *"_ivl_5", 11 0, L_000001e75513d4a8;  1 drivers
v000001e755139f00_0 .net *"_ivl_6", 15 0, L_000001e75513b9b0;  1 drivers
L_000001e75513d4f0 .functor BUFT 1, C4<000000000000>, C4<0>, C4<0>, C4<0>;
v000001e75513a540_0 .net *"_ivl_9", 11 0, L_000001e75513d4f0;  1 drivers
v000001e75513a400_0 .var "alu_in1", 15 0;
v000001e75513a720_0 .var "alu_in2", 15 0;
v000001e75513a900_0 .var "alu_outM_o", 15 0;
o000001e7550efff8 .functor BUFZ 2, C4<zz>; HiZ drive
v000001e75513a9a0_0 .net "alu_src1_i", 1 0, o000001e7550efff8;  0 drivers
o000001e7550f0028 .functor BUFZ 2, C4<zz>; HiZ drive
v000001e75513aae0_0 .net "alu_src2_i", 1 0, o000001e7550f0028;  0 drivers
v000001e75513ab80_0 .var "alu_w", 15 0;
o000001e7550f0088 .functor BUFZ 1, C4<z>; HiZ drive
v000001e75513a0e0_0 .net "clk", 0 0, o000001e7550f0088;  0 drivers
o000001e7550f00b8 .functor BUFZ 1, C4<z>; HiZ drive
v000001e75513a040_0 .net "flush_EX_MEM_i", 0 0, o000001e7550f00b8;  0 drivers
o000001e7550f00e8 .functor BUFZ 8, C4<zzzzzzzz>; HiZ drive
v000001e75513b190_0 .net "imm8E_i", 7 0, o000001e7550f00e8;  0 drivers
v000001e75513c450_0 .var "imm8M_o", 7 0;
o000001e7550f0148 .functor BUFZ 1, C4<z>; HiZ drive
v000001e75513c630_0 .net "jumpE_i", 0 0, o000001e7550f0148;  0 drivers
v000001e75513cbd0_0 .var "jumpM_o", 0 0;
o000001e7550f01a8 .functor BUFZ 16, C4<zzzzzzzzzzzzzzzz>; HiZ drive
v000001e75513bff0_0 .net "r1_data_r_i", 15 0, o000001e7550f01a8;  0 drivers
o000001e7550f01d8 .functor BUFZ 16, C4<zzzzzzzzzzzzzzzz>; HiZ drive
v000001e75513b0f0_0 .net "r2_data_r_i", 15 0, o000001e7550f01d8;  0 drivers
o000001e7550f0208 .functor BUFZ 4, C4<zzzz>; HiZ drive
v000001e75513c090_0 .net "rdE_i", 3 0, o000001e7550f0208;  0 drivers
o000001e7550f0238 .functor BUFZ 4, C4<zzzz>; HiZ drive
v000001e75513c1d0_0 .net "rsE_i", 3 0, o000001e7550f0238;  0 drivers
v000001e75513cdb0_0 .var "rsM_o", 3 0;
o000001e7550f0298 .functor BUFZ 1, C4<z>; HiZ drive
v000001e75513cc70_0 .net "rst", 0 0, o000001e7550f0298;  0 drivers
o000001e7550f02c8 .functor BUFZ 1, C4<z>; HiZ drive
v000001e75513c9f0_0 .net "stall_EX_MEM_i", 0 0, o000001e7550f02c8;  0 drivers
E_000001e7550c5750 .event posedge, v000001e75513a0e0_0;
E_000001e7550c5790 .event anyedge, v000001e755266d90_0, v000001e75513a400_0, v000001e75513a720_0;
E_000001e7550c5010 .event anyedge, v000001e75513aae0_0, v000001e75513b0f0_0, v000001e75513aa40_0, v000001e755139dc0_0;
E_000001e7550c5850 .event anyedge, v000001e75513a9a0_0, v000001e75513bff0_0, v000001e75513aa40_0, v000001e755139dc0_0;
L_000001e75513c130 .concat [ 4 12 0 0], o000001e7550f0238, L_000001e75513d4a8;
L_000001e75513b9b0 .concat [ 4 12 0 0], o000001e7550f0208, L_000001e75513d4f0;
L_000001e75513b2d0 .functor MUXZ 16, L_000001e75513b9b0, L_000001e75513c130, o000001e7550efcf8, C4<>;
    .scope S_000001e755266650;
T_0 ;
    %wait E_000001e7550c5850;
    %load/vec4 v000001e75513a9a0_0;
    %dup/vec4;
    %pushi/vec4 0, 0, 2;
    %cmp/u;
    %jmp/1 T_0.0, 6;
    %dup/vec4;
    %pushi/vec4 1, 0, 2;
    %cmp/u;
    %jmp/1 T_0.1, 6;
    %dup/vec4;
    %pushi/vec4 2, 0, 2;
    %cmp/u;
    %jmp/1 T_0.2, 6;
    %load/vec4 v000001e75513bff0_0;
    %store/vec4 v000001e75513a400_0, 0, 16;
    %jmp T_0.4;
T_0.0 ;
    %load/vec4 v000001e75513bff0_0;
    %store/vec4 v000001e75513a400_0, 0, 16;
    %jmp T_0.4;
T_0.1 ;
    %load/vec4 v000001e75513aa40_0;
    %store/vec4 v000001e75513a400_0, 0, 16;
    %jmp T_0.4;
T_0.2 ;
    %load/vec4 v000001e755139dc0_0;
    %store/vec4 v000001e75513a400_0, 0, 16;
    %jmp T_0.4;
T_0.4 ;
    %pop/vec4 1;
    %jmp T_0;
    .thread T_0, $push;
    .scope S_000001e755266650;
T_1 ;
    %wait E_000001e7550c5010;
    %load/vec4 v000001e75513aae0_0;
    %dup/vec4;
    %pushi/vec4 0, 0, 2;
    %cmp/u;
    %jmp/1 T_1.0, 6;
    %dup/vec4;
    %pushi/vec4 1, 0, 2;
    %cmp/u;
    %jmp/1 T_1.1, 6;
    %dup/vec4;
    %pushi/vec4 2, 0, 2;
    %cmp/u;
    %jmp/1 T_1.2, 6;
    %load/vec4 v000001e75513b0f0_0;
    %store/vec4 v000001e75513a720_0, 0, 16;
    %jmp T_1.4;
T_1.0 ;
    %load/vec4 v000001e75513b0f0_0;
    %store/vec4 v000001e75513a720_0, 0, 16;
    %jmp T_1.4;
T_1.1 ;
    %load/vec4 v000001e75513aa40_0;
    %store/vec4 v000001e75513a720_0, 0, 16;
    %jmp T_1.4;
T_1.2 ;
    %load/vec4 v000001e755139dc0_0;
    %store/vec4 v000001e75513a720_0, 0, 16;
    %jmp T_1.4;
T_1.4 ;
    %pop/vec4 1;
    %jmp T_1;
    .thread T_1, $push;
    .scope S_000001e755266650;
T_2 ;
    %wait E_000001e7550c5790;
    %load/vec4 v000001e755266d90_0;
    %dup/vec4;
    %pushi/vec4 0, 0, 2;
    %cmp/u;
    %jmp/1 T_2.0, 6;
    %dup/vec4;
    %pushi/vec4 1, 0, 2;
    %cmp/u;
    %jmp/1 T_2.1, 6;
    %dup/vec4;
    %pushi/vec4 2, 0, 2;
    %cmp/u;
    %jmp/1 T_2.2, 6;
    %jmp T_2.3;
T_2.0 ;
    %load/vec4 v000001e75513a400_0;
    %load/vec4 v000001e75513a720_0;
    %sub;
    %store/vec4 v000001e75513ab80_0, 0, 16;
    %jmp T_2.3;
T_2.1 ;
    %load/vec4 v000001e75513a400_0;
    %load/vec4 v000001e75513a720_0;
    %add;
    %store/vec4 v000001e75513ab80_0, 0, 16;
    %jmp T_2.3;
T_2.2 ;
    %load/vec4 v000001e75513a400_0;
    %load/vec4 v000001e75513a720_0;
    %cmp/u;
    %flag_get/vec4 5;
    %pad/u 16;
    %store/vec4 v000001e75513ab80_0, 0, 16;
    %jmp T_2.3;
T_2.3 ;
    %pop/vec4 1;
    %jmp T_2;
    .thread T_2, $push;
    .scope S_000001e755266650;
T_3 ;
    %wait E_000001e7550c5750;
    %load/vec4 v000001e75513cc70_0;
    %flag_set/vec4 8;
    %jmp/0xz  T_3.0, 8;
    %pushi/vec4 0, 0, 8;
    %assign/vec4 v000001e755139fa0_0, 0;
    %pushi/vec4 0, 0, 16;
    %assign/vec4 v000001e755139c80_0, 0;
    %pushi/vec4 0, 0, 8;
    %assign/vec4 v000001e75513c450_0, 0;
    %pushi/vec4 0, 0, 4;
    %assign/vec4 v000001e75513cdb0_0, 0;
    %pushi/vec4 0, 0, 4;
    %assign/vec4 v000001e755139e60_0, 0;
    %pushi/vec4 0, 0, 16;
    %assign/vec4 v000001e75513a900_0, 0;
    %pushi/vec4 0, 0, 1;
    %assign/vec4 v000001e755139d20_0, 0;
    %pushi/vec4 0, 0, 1;
    %assign/vec4 v000001e755139730_0, 0;
    %pushi/vec4 0, 0, 1;
    %assign/vec4 v000001e755139910_0, 0;
    %pushi/vec4 0, 0, 1;
    %assign/vec4 v000001e755139b90_0, 0;
    %pushi/vec4 0, 0, 1;
    %assign/vec4 v000001e755139a50_0, 0;
    %pushi/vec4 0, 0, 1;
    %assign/vec4 v000001e75513a7c0_0, 0;
    %pushi/vec4 0, 0, 1;
    %assign/vec4 v000001e75513cbd0_0, 0;
    %jmp T_3.1;
T_3.0 ;
    %load/vec4 v000001e75513a040_0;
    %flag_set/vec4 8;
    %jmp/0xz  T_3.2, 8;
    %pushi/vec4 0, 0, 8;
    %assign/vec4 v000001e755139fa0_0, 0;
    %pushi/vec4 0, 0, 16;
    %assign/vec4 v000001e755139c80_0, 0;
    %pushi/vec4 0, 0, 8;
    %assign/vec4 v000001e75513c450_0, 0;
    %pushi/vec4 0, 0, 4;
    %assign/vec4 v000001e75513cdb0_0, 0;
    %pushi/vec4 0, 0, 4;
    %assign/vec4 v000001e755139e60_0, 0;
    %pushi/vec4 0, 0, 16;
    %assign/vec4 v000001e75513a900_0, 0;
    %pushi/vec4 0, 0, 1;
    %assign/vec4 v000001e755139d20_0, 0;
    %pushi/vec4 0, 0, 1;
    %assign/vec4 v000001e755139730_0, 0;
    %pushi/vec4 0, 0, 1;
    %assign/vec4 v000001e755139910_0, 0;
    %pushi/vec4 0, 0, 1;
    %assign/vec4 v000001e755139b90_0, 0;
    %pushi/vec4 0, 0, 1;
    %assign/vec4 v000001e755139a50_0, 0;
    %pushi/vec4 0, 0, 1;
    %assign/vec4 v000001e75513a7c0_0, 0;
    %pushi/vec4 0, 0, 1;
    %assign/vec4 v000001e75513cbd0_0, 0;
    %jmp T_3.3;
T_3.2 ;
    %load/vec4 v000001e75513c9f0_0;
    %flag_set/vec4 8;
    %jmp/0xz  T_3.4, 8;
    %load/vec4 v000001e755139fa0_0;
    %assign/vec4 v000001e755139fa0_0, 0;
    %load/vec4 v000001e755139c80_0;
    %assign/vec4 v000001e755139c80_0, 0;
    %load/vec4 v000001e75513c450_0;
    %assign/vec4 v000001e75513c450_0, 0;
    %load/vec4 v000001e75513cdb0_0;
    %assign/vec4 v000001e75513cdb0_0, 0;
    %load/vec4 v000001e755139e60_0;
    %assign/vec4 v000001e755139e60_0, 0;
    %load/vec4 v000001e75513a900_0;
    %assign/vec4 v000001e75513a900_0, 0;
    %load/vec4 v000001e755139d20_0;
    %assign/vec4 v000001e755139d20_0, 0;
    %load/vec4 v000001e755139730_0;
    %assign/vec4 v000001e755139730_0, 0;
    %load/vec4 v000001e755139910_0;
    %assign/vec4 v000001e755139910_0, 0;
    %load/vec4 v000001e755139b90_0;
    %assign/vec4 v000001e755139b90_0, 0;
    %load/vec4 v000001e755139a50_0;
    %assign/vec4 v000001e755139a50_0, 0;
    %load/vec4 v000001e75513a7c0_0;
    %assign/vec4 v000001e75513a7c0_0, 0;
    %load/vec4 v000001e75513cbd0_0;
    %assign/vec4 v000001e75513cbd0_0, 0;
    %jmp T_3.5;
T_3.4 ;
    %load/vec4 v000001e75513a220_0;
    %assign/vec4 v000001e755139fa0_0, 0;
    %load/vec4 v000001e75513a680_0;
    %assign/vec4 v000001e755139c80_0, 0;
    %load/vec4 v000001e75513b190_0;
    %assign/vec4 v000001e75513c450_0, 0;
    %load/vec4 v000001e75513c1d0_0;
    %assign/vec4 v000001e75513cdb0_0, 0;
    %load/vec4 v000001e75513a4a0_0;
    %pad/u 4;
    %assign/vec4 v000001e755139e60_0, 0;
    %load/vec4 v000001e75513ab80_0;
    %assign/vec4 v000001e75513a900_0, 0;
    %load/vec4 v000001e75513a860_0;
    %assign/vec4 v000001e755139d20_0, 0;
    %load/vec4 v000001e755266c00_0;
    %assign/vec4 v000001e755139730_0, 0;
    %load/vec4 v000001e755139870_0;
    %assign/vec4 v000001e755139910_0, 0;
    %load/vec4 v000001e755139af0_0;
    %assign/vec4 v000001e755139b90_0, 0;
    %load/vec4 v000001e7551399b0_0;
    %assign/vec4 v000001e755139a50_0, 0;
    %load/vec4 v000001e75513a180_0;
    %assign/vec4 v000001e75513a7c0_0, 0;
    %load/vec4 v000001e75513c630_0;
    %assign/vec4 v000001e75513cbd0_0, 0;
T_3.5 ;
T_3.3 ;
T_3.1 ;
    %jmp T_3;
    .thread T_3;
# The file index is used to find the file name in the following table.
:file_names 3;
    "N/A";
    "<interactive>";
    "EX.v";
