#! /c/Source/iverilog-install/bin/vvp
:ivl_version "12.0 (devel)" "(s20150603-1539-g2693dd32b)";
:ivl_delay_selection "TYPICAL";
:vpi_time_precision + 0;
:vpi_module "C:\iverilog\lib\ivl\system.vpi";
:vpi_module "C:\iverilog\lib\ivl\vhdl_sys.vpi";
:vpi_module "C:\iverilog\lib\ivl\vhdl_textio.vpi";
:vpi_module "C:\iverilog\lib\ivl\v2005_math.vpi";
:vpi_module "C:\iverilog\lib\ivl\va_math.vpi";
S_000001fd14726760 .scope module, "hazardUnit" "hazardUnit" 2 1;
 .timescale 0 0;
    .port_info 0 /INPUT 1 "clk";
    .port_info 1 /INPUT 1 "rst";
    .port_info 2 /INPUT 4 "rsE";
    .port_info 3 /INPUT 4 "rtE";
    .port_info 4 /INPUT 1 "RegWriteD";
    .port_info 5 /INPUT 1 "RegWriteM";
    .port_info 6 /INPUT 1 "RegWriteW";
    .port_info 7 /INPUT 1 "R_type";
    .port_info 8 /INPUT 4 "WriteRegM";
    .port_info 9 /INPUT 4 "WriteRegW";
    .port_info 10 /INPUT 4 "rsM";
    .port_info 11 /INPUT 4 "rsD";
    .port_info 12 /INPUT 4 "rtD";
    .port_info 13 /INPUT 1 "MemReadE";
    .port_info 14 /INPUT 1 "stop";
    .port_info 15 /INPUT 1 "PCSrc";
    .port_info 16 /INPUT 1 "jump";
    .port_info 17 /OUTPUT 2 "alu_src1";
    .port_info 18 /OUTPUT 2 "alu_src2";
    .port_info 19 /OUTPUT 1 "mem_src";
    .port_info 20 /OUTPUT 1 "flushEX_MEM";
    .port_info 21 /OUTPUT 1 "flushIF_ID";
    .port_info 22 /OUTPUT 1 "pcstall";
    .port_info 23 /OUTPUT 1 "flushID_EX";
    .port_info 24 /OUTPUT 1 "IF_IDstall";
    .port_info 25 /OUTPUT 1 "ID_EXstall";
    .port_info 26 /OUTPUT 1 "EX_MEMstall";
    .port_info 27 /OUTPUT 1 "MEM_WBstall";
P_000001fd1495cdd0 .param/l "REG_WIDTH" 0 2 1, +C4<00000000000000000000000000000100>;
L_000001fd149760b0 .functor AND 1, v000001fd14963b30_0, v000001fd149633b0_0, C4<1>, C4<1>;
v000001fd1495ea00_0 .var "EX_MEMstall", 0 0;
v000001fd14727040_0 .var "ID_EXstall", 0 0;
v000001fd14963040_0 .var "IF_IDstall", 0 0;
v000001fd149630e0_0 .var "MEM_WBstall", 0 0;
o000001fd1497e068 .functor BUFZ 1, C4<z>; HiZ drive
v000001fd14963180_0 .net "MemReadE", 0 0, o000001fd1497e068;  0 drivers
o000001fd1497e098 .functor BUFZ 1, C4<z>; HiZ drive
v000001fd14963220_0 .net "PCSrc", 0 0, o000001fd1497e098;  0 drivers
o000001fd1497e0c8 .functor BUFZ 1, C4<z>; HiZ drive
v000001fd149632c0_0 .net "R_type", 0 0, o000001fd1497e0c8;  0 drivers
o000001fd1497e0f8 .functor BUFZ 1, C4<z>; HiZ drive
v000001fd14964030_0 .net "RegWriteD", 0 0, o000001fd1497e0f8;  0 drivers
o000001fd1497e128 .functor BUFZ 1, C4<z>; HiZ drive
v000001fd14963630_0 .net "RegWriteM", 0 0, o000001fd1497e128;  0 drivers
o000001fd1497e158 .functor BUFZ 1, C4<z>; HiZ drive
v000001fd14963810_0 .net "RegWriteW", 0 0, o000001fd1497e158;  0 drivers
o000001fd1497e188 .functor BUFZ 4, C4<zzzz>; HiZ drive
v000001fd14963770_0 .net "WriteRegM", 3 0, o000001fd1497e188;  0 drivers
o000001fd1497e1b8 .functor BUFZ 4, C4<zzzz>; HiZ drive
v000001fd149636d0_0 .net "WriteRegW", 3 0, o000001fd1497e1b8;  0 drivers
v000001fd14963d10_0 .net *"_ivl_2", 31 0, L_000001fd149d2490;  1 drivers
L_000001fd149d3868 .functor BUFT 1, C4<00000000000000000000000000000>, C4<0>, C4<0>, C4<0>;
v000001fd14963f90_0 .net *"_ivl_5", 28 0, L_000001fd149d3868;  1 drivers
L_000001fd149d38b0 .functor BUFT 1, C4<00000000000000000000000000000010>, C4<0>, C4<0>, C4<0>;
v000001fd149640d0_0 .net/2u *"_ivl_6", 31 0, L_000001fd149d38b0;  1 drivers
v000001fd14964210_0 .var "alu_src1", 1 0;
v000001fd14963450_0 .var "alu_src2", 1 0;
v000001fd14963950_0 .net "branch_flush_flag", 0 0, L_000001fd149760b0;  1 drivers
v000001fd149633b0_0 .var "branch_hazard_flag_r", 0 0;
v000001fd14963b30_0 .var "branch_hazard_flag_w", 0 0;
o000001fd1497e368 .functor BUFZ 1, C4<z>; HiZ drive
v000001fd149634f0_0 .net "clk", 0 0, o000001fd1497e368;  0 drivers
v000001fd14963a90_0 .var "flushEX_MEM", 0 0;
v000001fd14963ef0_0 .var "flushID_EX", 0 0;
v000001fd14963bd0_0 .var "flushIF_ID", 0 0;
v000001fd149638b0_0 .var "flush_cnt", 2 0;
v000001fd149642b0_0 .net "flush_done_flag", 0 0, L_000001fd149d1810;  1 drivers
o000001fd1497e488 .functor BUFZ 1, C4<z>; HiZ drive
v000001fd149639f0_0 .net "jump", 0 0, o000001fd1497e488;  0 drivers
v000001fd14964170_0 .var "mem_src", 0 0;
v000001fd14963e50_0 .var "pcstall", 0 0;
o000001fd1497e518 .functor BUFZ 4, C4<zzzz>; HiZ drive
v000001fd14963590_0 .net "rsD", 3 0, o000001fd1497e518;  0 drivers
o000001fd1497e548 .functor BUFZ 4, C4<zzzz>; HiZ drive
v000001fd14963c70_0 .net "rsE", 3 0, o000001fd1497e548;  0 drivers
o000001fd1497e578 .functor BUFZ 4, C4<zzzz>; HiZ drive
v000001fd14963db0_0 .net "rsM", 3 0, o000001fd1497e578;  0 drivers
o000001fd1497e5a8 .functor BUFZ 1, C4<z>; HiZ drive
v000001fd149d2670_0 .net "rst", 0 0, o000001fd1497e5a8;  0 drivers
o000001fd1497e5d8 .functor BUFZ 4, C4<zzzz>; HiZ drive
v000001fd149d2ad0_0 .net "rtD", 3 0, o000001fd1497e5d8;  0 drivers
o000001fd1497e608 .functor BUFZ 4, C4<zzzz>; HiZ drive
v000001fd149d27b0_0 .net "rtE", 3 0, o000001fd1497e608;  0 drivers
o000001fd1497e638 .functor BUFZ 1, C4<z>; HiZ drive
v000001fd149d16d0_0 .net "stop", 0 0, o000001fd1497e638;  0 drivers
E_000001fd1495d010 .event anyedge, v000001fd149d2670_0, v000001fd14963220_0, v000001fd149642b0_0, v000001fd149633b0_0;
E_000001fd1495d350 .event posedge, v000001fd149634f0_0;
E_000001fd1495d150 .event anyedge, v000001fd149639f0_0, v000001fd14963950_0;
E_000001fd1495d5d0/0 .event anyedge, v000001fd149d16d0_0, v000001fd14963590_0, v000001fd14963c70_0, v000001fd149d2ad0_0;
E_000001fd1495d5d0/1 .event anyedge, v000001fd14963180_0, v000001fd149632c0_0;
E_000001fd1495d5d0 .event/or E_000001fd1495d5d0/0, E_000001fd1495d5d0/1;
E_000001fd1495d7d0 .event anyedge, v000001fd14963db0_0, v000001fd149636d0_0, v000001fd14963180_0;
E_000001fd1495cb10/0 .event anyedge, v000001fd149d27b0_0, v000001fd14963770_0, v000001fd14963630_0, v000001fd149636d0_0;
E_000001fd1495cb10/1 .event anyedge, v000001fd14963810_0;
E_000001fd1495cb10 .event/or E_000001fd1495cb10/0, E_000001fd1495cb10/1;
E_000001fd1495ca50/0 .event anyedge, v000001fd14963c70_0, v000001fd14963770_0, v000001fd14963630_0, v000001fd149636d0_0;
E_000001fd1495ca50/1 .event anyedge, v000001fd14963810_0;
E_000001fd1495ca50 .event/or E_000001fd1495ca50/0, E_000001fd1495ca50/1;
L_000001fd149d2490 .concat [ 3 29 0 0], v000001fd149638b0_0, L_000001fd149d3868;
L_000001fd149d1810 .cmp/eq 32, L_000001fd149d2490, L_000001fd149d38b0;
    .scope S_000001fd14726760;
T_0 ;
    %wait E_000001fd1495ca50;
    %load/vec4 v000001fd14963c70_0;
    %pad/u 32;
    %cmpi/ne 0, 0, 32;
    %flag_get/vec4 4;
    %jmp/0 T_0.3, 4;
    %load/vec4 v000001fd14963c70_0;
    %load/vec4 v000001fd14963770_0;
    %cmp/e;
    %flag_get/vec4 4;
    %and;
T_0.3;
    %flag_set/vec4 9;
    %flag_get/vec4 9;
    %jmp/0 T_0.2, 9;
    %load/vec4 v000001fd14963630_0;
    %pad/u 32;
    %pushi/vec4 1, 0, 32;
    %cmp/e;
    %flag_get/vec4 4;
    %and;
T_0.2;
    %flag_set/vec4 8;
    %jmp/0xz  T_0.0, 8;
    %pushi/vec4 1, 0, 2;
    %store/vec4 v000001fd14964210_0, 0, 2;
    %jmp T_0.1;
T_0.0 ;
    %load/vec4 v000001fd14963c70_0;
    %pad/u 32;
    %cmpi/ne 0, 0, 32;
    %flag_get/vec4 4;
    %jmp/0 T_0.7, 4;
    %load/vec4 v000001fd14963c70_0;
    %load/vec4 v000001fd149636d0_0;
    %cmp/e;
    %flag_get/vec4 4;
    %and;
T_0.7;
    %flag_set/vec4 9;
    %flag_get/vec4 9;
    %jmp/0 T_0.6, 9;
    %load/vec4 v000001fd14963810_0;
    %pad/u 32;
    %pushi/vec4 1, 0, 32;
    %cmp/e;
    %flag_get/vec4 4;
    %and;
T_0.6;
    %flag_set/vec4 8;
    %jmp/0xz  T_0.4, 8;
    %pushi/vec4 2, 0, 2;
    %store/vec4 v000001fd14964210_0, 0, 2;
    %jmp T_0.5;
T_0.4 ;
    %pushi/vec4 0, 0, 2;
    %store/vec4 v000001fd14964210_0, 0, 2;
T_0.5 ;
T_0.1 ;
    %jmp T_0;
    .thread T_0, $push;
    .scope S_000001fd14726760;
T_1 ;
    %wait E_000001fd1495cb10;
    %load/vec4 v000001fd149d27b0_0;
    %pad/u 32;
    %cmpi/ne 0, 0, 32;
    %flag_get/vec4 4;
    %jmp/0 T_1.3, 4;
    %load/vec4 v000001fd149d27b0_0;
    %load/vec4 v000001fd14963770_0;
    %cmp/e;
    %flag_get/vec4 4;
    %and;
T_1.3;
    %flag_set/vec4 9;
    %flag_get/vec4 9;
    %jmp/0 T_1.2, 9;
    %load/vec4 v000001fd14963630_0;
    %pad/u 32;
    %pushi/vec4 1, 0, 32;
    %cmp/e;
    %flag_get/vec4 4;
    %and;
T_1.2;
    %flag_set/vec4 8;
    %jmp/0xz  T_1.0, 8;
    %pushi/vec4 1, 0, 2;
    %store/vec4 v000001fd14963450_0, 0, 2;
    %jmp T_1.1;
T_1.0 ;
    %load/vec4 v000001fd149d27b0_0;
    %pad/u 32;
    %cmpi/ne 0, 0, 32;
    %flag_get/vec4 4;
    %jmp/0 T_1.7, 4;
    %load/vec4 v000001fd149d27b0_0;
    %load/vec4 v000001fd149636d0_0;
    %cmp/e;
    %flag_get/vec4 4;
    %and;
T_1.7;
    %flag_set/vec4 9;
    %flag_get/vec4 9;
    %jmp/0 T_1.6, 9;
    %load/vec4 v000001fd14963810_0;
    %pad/u 32;
    %pushi/vec4 1, 0, 32;
    %cmp/e;
    %flag_get/vec4 4;
    %and;
T_1.6;
    %flag_set/vec4 8;
    %jmp/0xz  T_1.4, 8;
    %pushi/vec4 2, 0, 2;
    %store/vec4 v000001fd14963450_0, 0, 2;
    %jmp T_1.5;
T_1.4 ;
    %pushi/vec4 0, 0, 2;
    %store/vec4 v000001fd14963450_0, 0, 2;
T_1.5 ;
T_1.1 ;
    %jmp T_1;
    .thread T_1, $push;
    .scope S_000001fd14726760;
T_2 ;
    %wait E_000001fd1495d7d0;
    %load/vec4 v000001fd14963db0_0;
    %pad/u 32;
    %cmpi/ne 0, 0, 32;
    %flag_get/vec4 4;
    %jmp/0 T_2.3, 4;
    %load/vec4 v000001fd14963db0_0;
    %load/vec4 v000001fd149636d0_0;
    %cmp/e;
    %flag_get/vec4 4;
    %and;
T_2.3;
    %flag_set/vec4 9;
    %flag_get/vec4 9;
    %jmp/0 T_2.2, 9;
    %load/vec4 v000001fd14963180_0;
    %pad/u 32;
    %pushi/vec4 1, 0, 32;
    %cmp/e;
    %flag_get/vec4 4;
    %and;
T_2.2;
    %flag_set/vec4 8;
    %jmp/0xz  T_2.0, 8;
    %pushi/vec4 1, 0, 1;
    %store/vec4 v000001fd14964170_0, 0, 1;
    %jmp T_2.1;
T_2.0 ;
    %pushi/vec4 0, 0, 1;
    %store/vec4 v000001fd14964170_0, 0, 1;
T_2.1 ;
    %jmp T_2;
    .thread T_2, $push;
    .scope S_000001fd14726760;
T_3 ;
    %wait E_000001fd1495d5d0;
    %load/vec4 v000001fd149d16d0_0;
    %flag_set/vec4 8;
    %jmp/0xz  T_3.0, 8;
    %pushi/vec4 1, 0, 1;
    %store/vec4 v000001fd14963040_0, 0, 1;
    %pushi/vec4 1, 0, 1;
    %store/vec4 v000001fd14727040_0, 0, 1;
    %pushi/vec4 1, 0, 1;
    %store/vec4 v000001fd1495ea00_0, 0, 1;
    %pushi/vec4 1, 0, 1;
    %store/vec4 v000001fd149630e0_0, 0, 1;
    %pushi/vec4 1, 0, 1;
    %store/vec4 v000001fd14963e50_0, 0, 1;
    %pushi/vec4 0, 0, 1;
    %store/vec4 v000001fd14963ef0_0, 0, 1;
    %jmp T_3.1;
T_3.0 ;
    %load/vec4 v000001fd14963590_0;
    %load/vec4 v000001fd14963c70_0;
    %cmp/e;
    %jmp/1 T_3.6, 4;
    %flag_mov 10, 4;
    %load/vec4 v000001fd149d2ad0_0;
    %load/vec4 v000001fd14963c70_0;
    %cmp/e;
    %flag_or 4, 10;
T_3.6;
    %flag_get/vec4 4;
    %jmp/0 T_3.5, 4;
    %load/vec4 v000001fd14963180_0;
    %pad/u 32;
    %pushi/vec4 1, 0, 32;
    %cmp/e;
    %flag_get/vec4 4;
    %and;
T_3.5;
    %flag_set/vec4 9;
    %flag_get/vec4 9;
    %jmp/0 T_3.4, 9;
    %load/vec4 v000001fd149632c0_0;
    %pad/u 32;
    %pushi/vec4 1, 0, 32;
    %cmp/e;
    %flag_get/vec4 4;
    %and;
T_3.4;
    %flag_set/vec4 8;
    %jmp/0xz  T_3.2, 8;
    %pushi/vec4 0, 0, 1;
    %store/vec4 v000001fd14963040_0, 0, 1;
    %pushi/vec4 0, 0, 1;
    %store/vec4 v000001fd14727040_0, 0, 1;
    %pushi/vec4 0, 0, 1;
    %store/vec4 v000001fd1495ea00_0, 0, 1;
    %pushi/vec4 0, 0, 1;
    %store/vec4 v000001fd149630e0_0, 0, 1;
    %pushi/vec4 1, 0, 1;
    %store/vec4 v000001fd14963e50_0, 0, 1;
    %pushi/vec4 1, 0, 1;
    %store/vec4 v000001fd14963ef0_0, 0, 1;
    %jmp T_3.3;
T_3.2 ;
    %pushi/vec4 0, 0, 1;
    %store/vec4 v000001fd14963040_0, 0, 1;
    %pushi/vec4 0, 0, 1;
    %store/vec4 v000001fd14727040_0, 0, 1;
    %pushi/vec4 0, 0, 1;
    %store/vec4 v000001fd1495ea00_0, 0, 1;
    %pushi/vec4 0, 0, 1;
    %store/vec4 v000001fd149630e0_0, 0, 1;
    %pushi/vec4 0, 0, 1;
    %store/vec4 v000001fd14963e50_0, 0, 1;
    %pushi/vec4 0, 0, 1;
    %store/vec4 v000001fd14963ef0_0, 0, 1;
T_3.3 ;
T_3.1 ;
    %jmp T_3;
    .thread T_3, $push;
    .scope S_000001fd14726760;
T_4 ;
    %wait E_000001fd1495d150;
    %load/vec4 v000001fd149639f0_0;
    %pad/u 32;
    %cmpi/e 1, 0, 32;
    %jmp/0xz  T_4.0, 4;
    %pushi/vec4 1, 0, 1;
    %store/vec4 v000001fd14963bd0_0, 0, 1;
    %pushi/vec4 0, 0, 1;
    %store/vec4 v000001fd14963a90_0, 0, 1;
    %jmp T_4.1;
T_4.0 ;
    %load/vec4 v000001fd14963950_0;
    %flag_set/vec4 8;
    %jmp/0xz  T_4.2, 8;
    %pushi/vec4 0, 0, 1;
    %store/vec4 v000001fd14963bd0_0, 0, 1;
    %pushi/vec4 1, 0, 1;
    %store/vec4 v000001fd14963a90_0, 0, 1;
    %jmp T_4.3;
T_4.2 ;
    %pushi/vec4 0, 0, 1;
    %store/vec4 v000001fd14963bd0_0, 0, 1;
    %pushi/vec4 0, 0, 1;
    %store/vec4 v000001fd14963a90_0, 0, 1;
T_4.3 ;
T_4.1 ;
    %jmp T_4;
    .thread T_4, $push;
    .scope S_000001fd14726760;
T_5 ;
    %wait E_000001fd1495d350;
    %load/vec4 v000001fd149d2670_0;
    %flag_set/vec4 8;
    %jmp/0xz  T_5.0, 8;
    %pushi/vec4 0, 0, 3;
    %assign/vec4 v000001fd149638b0_0, 0;
    %jmp T_5.1;
T_5.0 ;
    %load/vec4 v000001fd149633b0_0;
    %flag_set/vec4 8;
    %jmp/1 T_5.4, 8;
    %load/vec4 v000001fd14963b30_0;
    %flag_set/vec4 9;
    %flag_or 8, 9;
T_5.4;
    %jmp/0xz  T_5.2, 8;
    %load/vec4 v000001fd149638b0_0;
    %addi 1, 0, 3;
    %assign/vec4 v000001fd149638b0_0, 0;
    %jmp T_5.3;
T_5.2 ;
    %load/vec4 v000001fd149642b0_0;
    %flag_set/vec4 8;
    %jmp/0xz  T_5.5, 8;
    %pushi/vec4 0, 0, 3;
    %assign/vec4 v000001fd149638b0_0, 0;
    %jmp T_5.6;
T_5.5 ;
    %load/vec4 v000001fd149638b0_0;
    %assign/vec4 v000001fd149638b0_0, 0;
T_5.6 ;
T_5.3 ;
T_5.1 ;
    %jmp T_5;
    .thread T_5;
    .scope S_000001fd14726760;
T_6 ;
    %wait E_000001fd1495d350;
    %load/vec4 v000001fd149d2670_0;
    %flag_set/vec4 8;
    %jmp/0 T_6.0, 8;
    %pushi/vec4 0, 0, 1;
    %jmp/1 T_6.1, 8;
T_6.0 ; End of true expr.
    %load/vec4 v000001fd14963b30_0;
    %jmp/0 T_6.1, 8;
 ; End of false expr.
    %blend;
T_6.1;
    %assign/vec4 v000001fd149633b0_0, 0;
    %jmp T_6;
    .thread T_6;
    .scope S_000001fd14726760;
T_7 ;
    %wait E_000001fd1495d010;
    %load/vec4 v000001fd149d2670_0;
    %flag_set/vec4 8;
    %jmp/0xz  T_7.0, 8;
    %pushi/vec4 0, 0, 1;
    %store/vec4 v000001fd14963b30_0, 0, 1;
    %jmp T_7.1;
T_7.0 ;
    %load/vec4 v000001fd14963220_0;
    %flag_set/vec4 8;
    %jmp/0xz  T_7.2, 8;
    %pushi/vec4 1, 0, 1;
    %store/vec4 v000001fd14963b30_0, 0, 1;
    %jmp T_7.3;
T_7.2 ;
    %load/vec4 v000001fd149642b0_0;
    %flag_set/vec4 8;
    %jmp/0xz  T_7.4, 8;
    %pushi/vec4 0, 0, 1;
    %store/vec4 v000001fd14963b30_0, 0, 1;
    %jmp T_7.5;
T_7.4 ;
    %load/vec4 v000001fd149633b0_0;
    %store/vec4 v000001fd14963b30_0, 0, 1;
T_7.5 ;
T_7.3 ;
T_7.1 ;
    %jmp T_7;
    .thread T_7, $push;
# The file index is used to find the file name in the following table.
:file_names 3;
    "N/A";
    "<interactive>";
    "hazardUnit.v";
