#! /c/Source/iverilog-install/bin/vvp
:ivl_version "12.0 (devel)" "(s20150603-1539-g2693dd32b)";
:ivl_delay_selection "TYPICAL";
:vpi_time_precision + 0;
:vpi_module "C:\iverilog\lib\ivl\system.vpi";
:vpi_module "C:\iverilog\lib\ivl\vhdl_sys.vpi";
:vpi_module "C:\iverilog\lib\ivl\vhdl_textio.vpi";
:vpi_module "C:\iverilog\lib\ivl\v2005_math.vpi";
:vpi_module "C:\iverilog\lib\ivl\va_math.vpi";
S_0000019afaea6650 .scope module, "IF" "IF" 2 1;
 .timescale 0 0;
    .port_info 0 /INPUT 1 "rst";
    .port_info 1 /INPUT 1 "clk";
    .port_info 2 /INPUT 1 "jump_i";
    .port_info 3 /INPUT 1 "PC_src_i";
    .port_info 4 /INPUT 1 "start";
    .port_info 5 /INPUT 1 "stop";
    .port_info 6 /INPUT 8 "branchAddr_i";
    .port_info 7 /INPUT 8 "jumpAddr_i";
    .port_info 8 /INPUT 1 "flushIF_ID_i";
    .port_info 9 /INPUT 1 "stallIF_ID_i";
    .port_info 10 /INPUT 1 "stallPC_i";
    .port_info 11 /OUTPUT 8 "im_addr_o";
    .port_info 12 /OUTPUT 1 "im_rd_o";
    .port_info 13 /OUTPUT 8 "PCD_IF_ID_rd_o";
    .port_info 14 /OUTPUT 1 "processor_status_r_o";
    .port_info 15 /OUTPUT 8 "PC";
P_0000019afaea6d90 .param/l "ADDR_WIDTH" 0 2 2, +C4<00000000000000000000000000001000>;
P_0000019afaea6dc8 .param/l "DATA_WIDTH" 0 2 1, +C4<00000000000000000000000000010000>;
L_0000019afaee7bd0 .functor BUFZ 8, v0000019afaef27a0_0, C4<00000000>, C4<00000000>, C4<00000000>;
L_0000019afaee78c0 .functor BUFZ 8, v0000019afaef27a0_0, C4<00000000>, C4<00000000>, C4<00000000>;
v0000019afaea6c00_0 .net "PC", 7 0, L_0000019afaee7bd0;  1 drivers
v0000019afaea68f0_0 .var "PCD_IF_ID_rd_o", 7 0;
v0000019afaea6990_0 .net "PCF", 7 0, L_0000019afaef35b0;  1 drivers
o0000019afaefd048 .functor BUFZ 1, C4<z>; HiZ drive
v0000019afaea6a30_0 .net "PC_src_i", 0 0, o0000019afaefd048;  0 drivers
L_0000019afaf45f48 .functor BUFT 1, C4<00000001>, C4<0>, C4<0>, C4<0>;
v0000019afaf45c20_0 .net/2u *"_ivl_0", 7 0, L_0000019afaf45f48;  1 drivers
o0000019afaefd0a8 .functor BUFZ 8, C4<zzzzzzzz>; HiZ drive
v0000019afaf45cc0_0 .net "branchAddr_i", 7 0, o0000019afaefd0a8;  0 drivers
o0000019afaefd0d8 .functor BUFZ 1, C4<z>; HiZ drive
v0000019afaf45d60_0 .net "clk", 0 0, o0000019afaefd0d8;  0 drivers
o0000019afaefd108 .functor BUFZ 1, C4<z>; HiZ drive
v0000019afaf45e00_0 .net "flushIF_ID_i", 0 0, o0000019afaefd108;  0 drivers
v0000019afaf45ea0_0 .net "im_addr_o", 7 0, L_0000019afaee78c0;  1 drivers
L_0000019afaf45f90 .functor BUFT 1, C4<1>, C4<0>, C4<0>, C4<0>;
v0000019afaef25c0_0 .net "im_rd_o", 0 0, L_0000019afaf45f90;  1 drivers
o0000019afaefd198 .functor BUFZ 8, C4<zzzzzzzz>; HiZ drive
v0000019afaef2660_0 .net "jumpAddr_i", 7 0, o0000019afaefd198;  0 drivers
o0000019afaefd1c8 .functor BUFZ 1, C4<z>; HiZ drive
v0000019afaef2700_0 .net "jump_i", 0 0, o0000019afaefd1c8;  0 drivers
v0000019afaef27a0_0 .var "pc_rd", 7 0;
v0000019afaef2930_0 .var "pc_wr", 7 0;
v0000019afaef2cf0_0 .var "processor_status_r_o", 0 0;
o0000019afaefd288 .functor BUFZ 1, C4<z>; HiZ drive
v0000019afaef3010_0 .net "rst", 0 0, o0000019afaefd288;  0 drivers
o0000019afaefd2b8 .functor BUFZ 1, C4<z>; HiZ drive
v0000019afaef2d90_0 .net "stallIF_ID_i", 0 0, o0000019afaefd2b8;  0 drivers
o0000019afaefd2e8 .functor BUFZ 1, C4<z>; HiZ drive
v0000019afaef3150_0 .net "stallPC_i", 0 0, o0000019afaefd2e8;  0 drivers
o0000019afaefd318 .functor BUFZ 1, C4<z>; HiZ drive
v0000019afaef33d0_0 .net "start", 0 0, o0000019afaefd318;  0 drivers
o0000019afaefd348 .functor BUFZ 1, C4<z>; HiZ drive
v0000019afaef3510_0 .net "stop", 0 0, o0000019afaefd348;  0 drivers
E_0000019afaee5a10 .event posedge, v0000019afaf45d60_0;
E_0000019afaee5b90/0 .event anyedge, v0000019afaef3150_0, v0000019afaef27a0_0, v0000019afaea6a30_0, v0000019afaf45cc0_0;
E_0000019afaee5b90/1 .event anyedge, v0000019afaef2700_0, v0000019afaef2660_0, v0000019afaef2cf0_0, v0000019afaea6990_0;
E_0000019afaee5b90 .event/or E_0000019afaee5b90/0, E_0000019afaee5b90/1;
L_0000019afaef35b0 .arith/sum 8, v0000019afaef27a0_0, L_0000019afaf45f48;
    .scope S_0000019afaea6650;
T_0 ;
    %wait E_0000019afaee5a10;
    %load/vec4 v0000019afaef3010_0;
    %flag_set/vec4 8;
    %jmp/1 T_0.2, 8;
    %load/vec4 v0000019afaef3510_0;
    %flag_set/vec4 9;
    %flag_or 8, 9;
T_0.2;
    %jmp/0 T_0.0, 8;
    %pushi/vec4 0, 0, 1;
    %jmp/1 T_0.1, 8;
T_0.0 ; End of true expr.
    %load/vec4 v0000019afaef33d0_0;
    %flag_set/vec4 9;
    %jmp/0 T_0.3, 9;
    %pushi/vec4 1, 0, 1;
    %jmp/1 T_0.4, 9;
T_0.3 ; End of true expr.
    %load/vec4 v0000019afaef2cf0_0;
    %jmp/0 T_0.4, 9;
 ; End of false expr.
    %blend;
T_0.4;
    %jmp/0 T_0.1, 8;
 ; End of false expr.
    %blend;
T_0.1;
    %assign/vec4 v0000019afaef2cf0_0, 0;
    %jmp T_0;
    .thread T_0;
    .scope S_0000019afaea6650;
T_1 ;
    %wait E_0000019afaee5a10;
    %load/vec4 v0000019afaef3010_0;
    %flag_set/vec4 8;
    %jmp/0 T_1.0, 8;
    %pushi/vec4 0, 0, 8;
    %jmp/1 T_1.1, 8;
T_1.0 ; End of true expr.
    %load/vec4 v0000019afaef2930_0;
    %jmp/0 T_1.1, 8;
 ; End of false expr.
    %blend;
T_1.1;
    %assign/vec4 v0000019afaef27a0_0, 0;
    %jmp T_1;
    .thread T_1;
    .scope S_0000019afaea6650;
T_2 ;
    %wait E_0000019afaee5b90;
    %load/vec4 v0000019afaef3150_0;
    %flag_set/vec4 8;
    %jmp/0xz  T_2.0, 8;
    %load/vec4 v0000019afaef27a0_0;
    %store/vec4 v0000019afaef2930_0, 0, 8;
    %jmp T_2.1;
T_2.0 ;
    %load/vec4 v0000019afaea6a30_0;
    %flag_set/vec4 8;
    %jmp/0xz  T_2.2, 8;
    %load/vec4 v0000019afaf45cc0_0;
    %store/vec4 v0000019afaef2930_0, 0, 8;
    %jmp T_2.3;
T_2.2 ;
    %load/vec4 v0000019afaef2700_0;
    %flag_set/vec4 8;
    %jmp/0xz  T_2.4, 8;
    %load/vec4 v0000019afaef2660_0;
    %store/vec4 v0000019afaef2930_0, 0, 8;
    %jmp T_2.5;
T_2.4 ;
    %load/vec4 v0000019afaef2cf0_0;
    %flag_set/vec4 8;
    %jmp/0xz  T_2.6, 8;
    %load/vec4 v0000019afaea6990_0;
    %store/vec4 v0000019afaef2930_0, 0, 8;
    %jmp T_2.7;
T_2.6 ;
    %load/vec4 v0000019afaef27a0_0;
    %store/vec4 v0000019afaef2930_0, 0, 8;
T_2.7 ;
T_2.5 ;
T_2.3 ;
T_2.1 ;
    %jmp T_2;
    .thread T_2, $push;
    .scope S_0000019afaea6650;
T_3 ;
    %wait E_0000019afaee5a10;
    %load/vec4 v0000019afaef3010_0;
    %flag_set/vec4 8;
    %jmp/0xz  T_3.0, 8;
    %pushi/vec4 0, 0, 8;
    %assign/vec4 v0000019afaea68f0_0, 0;
    %jmp T_3.1;
T_3.0 ;
    %load/vec4 v0000019afaef2d90_0;
    %flag_set/vec4 8;
    %jmp/0xz  T_3.2, 8;
    %load/vec4 v0000019afaea68f0_0;
    %assign/vec4 v0000019afaea68f0_0, 0;
    %jmp T_3.3;
T_3.2 ;
    %load/vec4 v0000019afaf45e00_0;
    %flag_set/vec4 8;
    %jmp/0xz  T_3.4, 8;
    %pushi/vec4 0, 0, 8;
    %assign/vec4 v0000019afaea68f0_0, 0;
    %jmp T_3.5;
T_3.4 ;
    %load/vec4 v0000019afaea6990_0;
    %assign/vec4 v0000019afaea68f0_0, 0;
T_3.5 ;
T_3.3 ;
T_3.1 ;
    %jmp T_3;
    .thread T_3;
# The file index is used to find the file name in the following table.
:file_names 3;
    "N/A";
    "<interactive>";
    "IF.v";
