#! /c/Source/iverilog-install/bin/vvp
:ivl_version "12.0 (devel)" "(s20150603-1539-g2693dd32b)";
:ivl_delay_selection "TYPICAL";
:vpi_time_precision + 0;
:vpi_module "C:\iverilog\lib\ivl\system.vpi";
:vpi_module "C:\iverilog\lib\ivl\vhdl_sys.vpi";
:vpi_module "C:\iverilog\lib\ivl\vhdl_textio.vpi";
:vpi_module "C:\iverilog\lib\ivl\v2005_math.vpi";
:vpi_module "C:\iverilog\lib\ivl\va_math.vpi";
S_0000026e3068cfd0 .scope module, "pipelinedPS" "pipelinedPS" 2 9;
 .timescale 0 0;
    .port_info 0 /INPUT 1 "clk";
    .port_info 1 /INPUT 1 "rst";
    .port_info 2 /INPUT 1 "start";
    .port_info 3 /OUTPUT 1 "stop";
    .port_info 4 /INPUT 16 "im_r_data";
    .port_info 5 /OUTPUT 8 "im_addr";
    .port_info 6 /OUTPUT 1 "im_rd";
    .port_info 7 /OUTPUT 8 "dm_addr";
    .port_info 8 /OUTPUT 1 "dm_rd";
    .port_info 9 /OUTPUT 1 "dm_wr";
    .port_info 10 /INPUT 16 "dm_r_data";
    .port_info 11 /OUTPUT 16 "dm_w_data";
P_0000026e3073ec30 .param/l "ADDR_WIDTH" 0 2 13, +C4<00000000000000000000000000001000>;
P_0000026e3073ec68 .param/l "CV_WIDTH" 0 2 10, +C4<00000000000000000000000000001010>;
P_0000026e3073eca0 .param/l "DATA_WIDTH" 0 2 14, +C4<00000000000000000000000000010000>;
P_0000026e3073ecd8 .param/l "HZ_CV_WIDTH" 0 2 11, +C4<00000000000000000000000000001010>;
P_0000026e3073ed10 .param/l "IMM8_WIDTH" 0 2 16, +C4<00000000000000000000000000001000>;
P_0000026e3073ed48 .param/l "OP_WIDTH" 0 2 9, +C4<00000000000000000000000000000100>;
P_0000026e3073ed80 .param/l "REG_NUM" 0 2 17, +C4<00000000000000000000000000010000>;
P_0000026e3073edb8 .param/l "REG_WIDTH" 0 2 15, +C4<00000000000000000000000000000100>;
P_0000026e3073edf0 .param/l "STATES_WIDTH" 0 2 12, +C4<00000000000000000000000000001111>;
L_0000026e30724820 .functor BUFZ 1, v0000026e30af5d70_0, C4<0>, C4<0>, C4<0>;
v0000026e30af25a0_0 .net "ALUopE", 0 0, v0000026e30ae84c0_0;  1 drivers
v0000026e30af2e60_0 .net "BranchE", 0 0, v0000026e30ae8d80_0;  1 drivers
v0000026e30af3ea0_0 .net "BranchM", 0 0, v0000026e3073a3c0_0;  1 drivers
v0000026e30af3cc0_0 .net "EX_MEMstall", 0 0, v0000026e30af0d10_0;  1 drivers
v0000026e30af3400_0 .net "FloatingE", 0 0, v0000026e30ae9dc0_0;  1 drivers
v0000026e30af23c0_0 .net "ID_EXstall", 0 0, v0000026e30af0a90_0;  1 drivers
v0000026e30af2640_0 .net "IF_IDstall", 0 0, v0000026e30af0bd0_0;  1 drivers
v0000026e30af30e0_0 .net "Jump", 0 0, L_0000026e30af9980;  1 drivers
v0000026e30af26e0_0 .net "MEM_WBstall", 0 0, v0000026e30af0db0_0;  1 drivers
v0000026e30af3a40_0 .net "MemReadE", 0 0, v0000026e30ae8420_0;  1 drivers
v0000026e30af3680_0 .net "MemReadM", 0 0, v0000026e3073bb80_0;  1 drivers
v0000026e30af3180_0 .net "MemToRegE", 0 0, v0000026e30ae8f60_0;  1 drivers
v0000026e30af2780_0 .net "MemToRegM", 0 0, v0000026e3073aa00_0;  1 drivers
v0000026e30af3ae0_0 .net "MemToRegW", 0 0, v0000026e30aefb60_0;  1 drivers
v0000026e30af3220_0 .net "MemWriteE", 0 0, v0000026e30ae9820_0;  1 drivers
v0000026e30af28c0_0 .net "MemWriteM", 0 0, v0000026e3073b0e0_0;  1 drivers
v0000026e30af2820_0 .net "MovE", 0 0, v0000026e30ae98c0_0;  1 drivers
v0000026e30af32c0_0 .net "MovM", 0 0, v0000026e3073b7c0_0;  1 drivers
v0000026e30af3c20_0 .net "PC", 7 0, L_0000026e30724900;  1 drivers
v0000026e30af2960_0 .net "PCD", 7 0, v0000026e30aeebc0_0;  1 drivers
v0000026e30af2a00_0 .net "PCE", 7 0, v0000026e30ae86a0_0;  1 drivers
v0000026e30af2aa0_0 .net "PCM", 7 0, v0000026e3073b2c0_0;  1 drivers
o0000026e30a93c08 .functor BUFZ 1, C4<z>; HiZ drive
v0000026e30af59b0_0 .net "PCSrc", 0 0, o0000026e30a93c08;  0 drivers
v0000026e30af6810_0 .net "PC_src", 0 0, L_0000026e306ab380;  1 drivers
v0000026e30af5e10_0 .net "RegDstE", 0 0, v0000026e30ae9460_0;  1 drivers
v0000026e30af6590_0 .net "RegWriteE", 0 0, v0000026e30ae87e0_0;  1 drivers
v0000026e30af5a50_0 .net "RegWriteM", 0 0, v0000026e3073abe0_0;  1 drivers
v0000026e30af6270_0 .net "RegWriteW", 0 0, v0000026e30aee120_0;  1 drivers
v0000026e30af6e50_0 .net "ResultW", 15 0, L_0000026e30af8620;  1 drivers
v0000026e30af5eb0_0 .net "WBResultM", 15 0, v0000026e30aefca0_0;  1 drivers
v0000026e30af7030_0 .net "WriteDataM", 15 0, v0000026e3073a820_0;  1 drivers
RS_0000026e30a91508 .resolv tri, v0000026e3073b4a0_0, v0000026e30af1530_0;
v0000026e30af6b30_0 .net8 "WriteRegM", 3 0, RS_0000026e30a91508;  2 drivers
v0000026e30af6bd0_0 .net "WriteRegW", 3 0, L_0000026e30b51e10;  1 drivers
v0000026e30af6c70_0 .net "alu_outM", 15 0, v0000026e3073a000_0;  1 drivers
v0000026e30af72b0_0 .net "alu_src1", 1 0, v0000026e30af1b70_0;  1 drivers
v0000026e30af5cd0_0 .net "alu_src2", 1 0, v0000026e30af1670_0;  1 drivers
v0000026e30af6450_0 .net "branchAddr", 7 0, L_0000026e30af7d60;  1 drivers
o0000026e30a91718 .functor BUFZ 1, C4<z>; HiZ drive
v0000026e30af66d0_0 .net "clk", 0 0, o0000026e30a91718;  0 drivers
v0000026e30af70d0_0 .net "dm_addr", 7 0, L_0000026e306f5470;  1 drivers
o0000026e30a939f8 .functor BUFZ 16, C4<zzzzzzzzzzzzzzzz>; HiZ drive
v0000026e30af61d0_0 .net "dm_r_data", 15 0, o0000026e30a939f8;  0 drivers
o0000026e30a93278 .functor BUFZ 1, C4<z>; HiZ drive
v0000026e30af7350_0 .net "dm_rd", 0 0, o0000026e30a93278;  0 drivers
v0000026e30af5690_0 .net "dm_w_data", 15 0, L_0000026e30af8a80;  1 drivers
o0000026e30a93308 .functor BUFZ 1, C4<z>; HiZ drive
v0000026e30af6130_0 .net "dm_wr", 0 0, o0000026e30a93308;  0 drivers
v0000026e30af6090_0 .net "flushEX_MEM", 0 0, v0000026e30af13f0_0;  1 drivers
v0000026e30af7170_0 .net "flushID_EX", 0 0, v0000026e30af0270_0;  1 drivers
v0000026e30af5c30_0 .net "flushIF_ID", 0 0, v0000026e30af17b0_0;  1 drivers
L_0000026e30af9cc0 .functor BUFT 1, C4<00000001>, C4<0>, C4<0>, C4<0>;
RS_0000026e30a92d68 .resolv tri, L_0000026e30724a50, L_0000026e30af9cc0;
v0000026e30af6310_0 .net8 "im_addr", 7 0, RS_0000026e30a92d68;  2 drivers
o0000026e30a925b8 .functor BUFZ 16, C4<zzzzzzzzzzzzzzzz>; HiZ drive
v0000026e30af5f50_0 .net "im_r_data", 15 0, o0000026e30a925b8;  0 drivers
o0000026e30a92d98 .functor BUFZ 1, C4<z>; HiZ drive
v0000026e30af6d10_0 .net "im_rd", 0 0, o0000026e30a92d98;  0 drivers
o0000026e30a91778 .functor BUFZ 8, C4<zzzzzzzz>; HiZ drive
v0000026e30af73f0_0 .net "imm8E", 7 0, o0000026e30a91778;  0 drivers
v0000026e30af6db0_0 .net "imm8M", 7 0, v0000026e30ae9aa0_0;  1 drivers
o0000026e30a92dc8 .functor BUFZ 1, C4<z>; HiZ drive
v0000026e30af5730_0 .net "jump", 0 0, o0000026e30a92dc8;  0 drivers
o0000026e30a925e8 .functor BUFZ 8, C4<zzzzzzzz>; HiZ drive
v0000026e30af57d0_0 .net "jumpAddr", 7 0, o0000026e30a925e8;  0 drivers
v0000026e30af63b0_0 .net "mem_src", 0 0, v0000026e30af2280_0;  1 drivers
v0000026e30af6770_0 .net "pcstall", 0 0, v0000026e30af2b40_0;  1 drivers
v0000026e30af64f0_0 .net "rdD", 3 0, L_0000026e30af8bc0;  1 drivers
o0000026e30a91838 .functor BUFZ 4, C4<zzzz>; HiZ drive
v0000026e30af6630_0 .net "rdE", 3 0, o0000026e30a91838;  0 drivers
v0000026e30af68b0_0 .net "rf_r1_addr", 3 0, L_0000026e30724200;  1 drivers
v0000026e30af7490_0 .net "rf_r1_data", 15 0, L_0000026e30b52740;  1 drivers
v0000026e30af6950_0 .net "rf_r2_addr", 3 0, L_0000026e30724350;  1 drivers
v0000026e30af5ff0_0 .net "rf_r2_data", 15 0, L_0000026e30b52580;  1 drivers
v0000026e30af69f0_0 .net "rsD", 3 0, L_0000026e30af8440;  1 drivers
o0000026e30a91868 .functor BUFZ 4, C4<zzzz>; HiZ drive
v0000026e30af55f0_0 .net "rsE", 3 0, o0000026e30a91868;  0 drivers
o0000026e30a93db8 .functor BUFZ 4, C4<zzzz>; HiZ drive
v0000026e30af6a90_0 .net "rsI", 3 0, o0000026e30a93db8;  0 drivers
v0000026e30af5870_0 .net "rsM", 3 0, v0000026e30ae9b40_0;  1 drivers
o0000026e30a918c8 .functor BUFZ 1, C4<z>; HiZ drive
v0000026e30af5b90_0 .net "rst", 0 0, o0000026e30a918c8;  0 drivers
v0000026e30af6ef0_0 .net "rtD", 3 0, L_0000026e30af9660;  1 drivers
o0000026e30a918f8 .functor BUFZ 4, C4<zzzz>; HiZ drive
v0000026e30af6f90_0 .net "rtE", 3 0, o0000026e30a918f8;  0 drivers
o0000026e30a93de8 .functor BUFZ 4, C4<zzzz>; HiZ drive
v0000026e30af7210_0 .net "rtI", 3 0, o0000026e30a93de8;  0 drivers
o0000026e30a92ee8 .functor BUFZ 1, C4<z>; HiZ drive
v0000026e30af5910_0 .net "start", 0 0, o0000026e30a92ee8;  0 drivers
o0000026e30a946b8 .functor BUFZ 1, C4<z>; HiZ drive
v0000026e30af5af0_0 .net "stop", 0 0, o0000026e30a946b8;  0 drivers
v0000026e30af5d70_0 .var "stop_flag", 0 0;
RS_0000026e30a921f8 .resolv tri, L_0000026e30724820, L_0000026e30af86c0;
v0000026e30af8080_0 .net8 "stop_flag_rd", 0 0, RS_0000026e30a921f8;  2 drivers
S_0000026e3073ee30 .scope module, "u_EX" "EX" 2 250, 3 1 0, S_0000026e3068cfd0;
 .timescale 0 0;
    .port_info 0 /INPUT 1 "clk";
    .port_info 1 /INPUT 1 "rst";
    .port_info 2 /INPUT 8 "PCE_i";
    .port_info 3 /INPUT 16 "r1_data_r_i";
    .port_info 4 /INPUT 16 "r2_data_r_i";
    .port_info 5 /INPUT 8 "imm8E_i";
    .port_info 6 /INPUT 4 "rtE_i";
    .port_info 7 /INPUT 4 "rsE_i";
    .port_info 8 /INPUT 4 "rdE_i";
    .port_info 9 /INPUT 1 "flush_EX_MEM_i";
    .port_info 10 /INPUT 1 "stall_EX_MEM_i";
    .port_info 11 /INPUT 1 "RegWriteE_i";
    .port_info 12 /INPUT 1 "ALUopE_i";
    .port_info 13 /INPUT 1 "BranchE_i";
    .port_info 14 /INPUT 1 "MemReadE_i";
    .port_info 15 /INPUT 1 "RegDstE_i";
    .port_info 16 /INPUT 1 "MemWriteE_i";
    .port_info 17 /INPUT 1 "MemToRegE_i";
    .port_info 18 /INPUT 1 "MovE_i";
    .port_info 19 /INPUT 1 "FloatingE_i";
    .port_info 20 /OUTPUT 8 "PCM_o";
    .port_info 21 /OUTPUT 16 "WriteDataM_o";
    .port_info 22 /OUTPUT 8 "imm8M_o";
    .port_info 23 /OUTPUT 4 "rsM_o";
    .port_info 24 /OUTPUT 4 "WriteRegM_o";
    .port_info 25 /OUTPUT 16 "alu_outM_o";
    .port_info 26 /OUTPUT 1 "RegWriteM_o";
    .port_info 27 /OUTPUT 1 "BranchM_o";
    .port_info 28 /OUTPUT 1 "MemReadM_o";
    .port_info 29 /OUTPUT 1 "MemWriteM_o";
    .port_info 30 /OUTPUT 1 "MemToRegM_o";
    .port_info 31 /OUTPUT 1 "MovM_o";
    .port_info 32 /INPUT 16 "WBResultM_i";
    .port_info 33 /INPUT 16 "ResultW_i";
    .port_info 34 /INPUT 2 "alu_src1_i";
    .port_info 35 /INPUT 2 "alu_src2_i";
P_0000026e306f4a60 .param/l "ADDR_WIDTH" 0 3 2, +C4<00000000000000000000000000001000>;
P_0000026e306f4a98 .param/l "CV_WIDTH" 0 3 5, +C4<00000000000000000000000000001010>;
P_0000026e306f4ad0 .param/l "DATA_WIDTH" 0 3 1, +C4<00000000000000000000000000010000>;
P_0000026e306f4b08 .param/l "IMM8_WIDTH" 0 3 3, +C4<00000000000000000000000000001000>;
P_0000026e306f4b40 .param/l "OP_WIDTH" 0 3 6, +C4<00000000000000000000000000000100>;
P_0000026e306f4b78 .param/l "REG_WIDTH" 0 3 4, +C4<00000000000000000000000000000100>;
L_0000026e30724c10 .functor BUFZ 16, v0000026e3073ba40_0, C4<0000000000000000>, C4<0000000000000000>, C4<0000000000000000>;
v0000026e3073b720_0 .net "ALUopE_i", 0 0, v0000026e30ae84c0_0;  alias, 1 drivers
v0000026e3073b5e0_0 .net "BranchE_i", 0 0, v0000026e30ae8d80_0;  alias, 1 drivers
v0000026e3073a3c0_0 .var "BranchM_o", 0 0;
v0000026e3073bcc0_0 .net "FloatingE_i", 0 0, v0000026e30ae9dc0_0;  alias, 1 drivers
v0000026e3073a640_0 .net "MemReadE_i", 0 0, v0000026e30ae8420_0;  alias, 1 drivers
v0000026e3073bb80_0 .var "MemReadM_o", 0 0;
v0000026e3073ab40_0 .net "MemToRegE_i", 0 0, v0000026e30ae8f60_0;  alias, 1 drivers
v0000026e3073aa00_0 .var "MemToRegM_o", 0 0;
v0000026e3073bc20_0 .net "MemWriteE_i", 0 0, v0000026e30ae9820_0;  alias, 1 drivers
v0000026e3073b0e0_0 .var "MemWriteM_o", 0 0;
v0000026e3073b9a0_0 .net "MovE_i", 0 0, v0000026e30ae98c0_0;  alias, 1 drivers
v0000026e3073b7c0_0 .var "MovM_o", 0 0;
v0000026e3073a6e0_0 .net "PCE_i", 7 0, v0000026e30ae86a0_0;  alias, 1 drivers
v0000026e3073b2c0_0 .var "PCM_o", 7 0;
v0000026e3073a500_0 .net "RegDstE_i", 0 0, v0000026e30ae9460_0;  alias, 1 drivers
v0000026e3073adc0_0 .net "RegWriteE_i", 0 0, v0000026e30ae87e0_0;  alias, 1 drivers
v0000026e3073abe0_0 .var "RegWriteM_o", 0 0;
v0000026e3073b180_0 .net "ResultW_i", 15 0, L_0000026e30af8620;  alias, 1 drivers
v0000026e3073b400_0 .net "WBResultM_i", 15 0, v0000026e30aefca0_0;  alias, 1 drivers
v0000026e3073a780_0 .net "WriteDataE_w", 15 0, L_0000026e30724c10;  1 drivers
v0000026e3073a820_0 .var "WriteDataM_o", 15 0;
v0000026e3073b220_0 .net "WriteRegE_w", 15 0, L_0000026e30af8c60;  1 drivers
v0000026e3073b4a0_0 .var "WriteRegM_o", 3 0;
v0000026e3073b540_0 .net *"_ivl_0", 15 0, L_0000026e30af89e0;  1 drivers
L_0000026e30af9f90 .functor BUFT 1, C4<000000000000zzzz>, C4<0>, C4<0>, C4<0>;
v0000026e3073b680_0 .net *"_ivl_12", 15 0, L_0000026e30af9f90;  1 drivers
v0000026e3073b860_0 .net *"_ivl_2", 15 0, L_0000026e30af9a20;  1 drivers
L_0000026e30af9f48 .functor BUFT 1, C4<000000000000zzzz>, C4<0>, C4<0>, C4<0>;
v0000026e3073b900_0 .net *"_ivl_8", 15 0, L_0000026e30af9f48;  1 drivers
v0000026e3073ba40_0 .var "alu_in1", 15 0;
v0000026e3073bae0_0 .var "alu_in2", 15 0;
v0000026e3073a000_0 .var "alu_outM_o", 15 0;
v0000026e3073bd60_0 .net "alu_src1_i", 1 0, v0000026e30af1b70_0;  alias, 1 drivers
v0000026e3073be00_0 .net "alu_src2_i", 1 0, v0000026e30af1670_0;  alias, 1 drivers
v0000026e3072cde0_0 .net "alu_w", 15 0, L_0000026e30af8580;  1 drivers
v0000026e3072d740_0 .net "clk", 0 0, o0000026e30a91718;  alias, 0 drivers
v0000026e3072ce80_0 .net "flush_EX_MEM_i", 0 0, v0000026e30af13f0_0;  alias, 1 drivers
v0000026e30ae8920_0 .net "imm8E_i", 7 0, o0000026e30a91778;  alias, 0 drivers
v0000026e30ae9aa0_0 .var "imm8M_o", 7 0;
v0000026e30ae8c40_0 .net "r1_data_r_i", 15 0, L_0000026e30b52740;  alias, 1 drivers
v0000026e30ae9d20_0 .net "r2_data_r_i", 15 0, L_0000026e30b52580;  alias, 1 drivers
v0000026e30ae9be0_0 .net "rdE_i", 3 0, o0000026e30a91838;  alias, 0 drivers
v0000026e30ae8ce0_0 .net "rsE_i", 3 0, o0000026e30a91868;  alias, 0 drivers
v0000026e30ae9b40_0 .var "rsM_o", 3 0;
v0000026e30ae9f00_0 .net "rst", 0 0, o0000026e30a918c8;  alias, 0 drivers
v0000026e30ae8240_0 .net "rtE_i", 3 0, o0000026e30a918f8;  alias, 0 drivers
v0000026e30ae9320_0 .net "stall_EX_MEM_i", 0 0, v0000026e30af0d10_0;  alias, 1 drivers
E_0000026e307319f0 .event posedge, v0000026e3072d740_0;
E_0000026e30730eb0 .event anyedge, v0000026e3073be00_0, v0000026e30ae9d20_0, v0000026e3073b400_0, v0000026e3073b180_0;
E_0000026e30730cb0 .event anyedge, v0000026e3073bd60_0, v0000026e30ae8c40_0, v0000026e3073b400_0, v0000026e3073b180_0;
L_0000026e30af89e0 .arith/sub 16, v0000026e3073ba40_0, v0000026e3073bae0_0;
L_0000026e30af9a20 .arith/sum 16, v0000026e3073ba40_0, v0000026e3073bae0_0;
L_0000026e30af8580 .functor MUXZ 16, L_0000026e30af9a20, L_0000026e30af89e0, v0000026e30ae84c0_0, C4<>;
L_0000026e30af8c60 .functor MUXZ 16, L_0000026e30af9f90, L_0000026e30af9f48, v0000026e30ae9460_0, C4<>;
S_0000026e306a2590 .scope module, "u_ID" "ID" 2 178, 4 2 0, S_0000026e3068cfd0;
 .timescale 0 0;
    .port_info 0 /INPUT 1 "rst";
    .port_info 1 /INPUT 1 "clk";
    .port_info 2 /INPUT 8 "PCD_i";
    .port_info 3 /INPUT 16 "instruction_mem_rD_i";
    .port_info 4 /INPUT 1 "flush_ID_EX_i";
    .port_info 5 /INPUT 1 "stall_ID_EX_i";
    .port_info 6 /OUTPUT 4 "reg_file_r1";
    .port_info 7 /OUTPUT 4 "reg_file_r2";
    .port_info 8 /OUTPUT 8 "jumpAddr";
    .port_info 9 /OUTPUT 4 "rsD";
    .port_info 10 /OUTPUT 4 "rtD";
    .port_info 11 /OUTPUT 4 "rdD";
    .port_info 12 /OUTPUT 4 "rtE";
    .port_info 13 /OUTPUT 4 "rsE";
    .port_info 14 /OUTPUT 4 "rdE";
    .port_info 15 /OUTPUT 8 "PCE";
    .port_info 16 /OUTPUT 1 "Jump";
    .port_info 17 /OUTPUT 1 "Stop";
    .port_info 18 /OUTPUT 1 "RegWriteE";
    .port_info 19 /OUTPUT 1 "ALUopE";
    .port_info 20 /OUTPUT 1 "BranchE";
    .port_info 21 /OUTPUT 1 "MemReadE";
    .port_info 22 /OUTPUT 1 "RegDstE";
    .port_info 23 /OUTPUT 1 "MemWriteE";
    .port_info 24 /OUTPUT 1 "MemToRegE";
    .port_info 25 /OUTPUT 1 "MovE";
    .port_info 26 /OUTPUT 1 "FloatingE";
P_0000026e306ea5a0 .param/l "ADDR_WIDTH" 0 4 3, +C4<00000000000000000000000000001000>;
P_0000026e306ea5d8 .param/l "CV_WIDTH" 0 4 6, +C4<00000000000000000000000000001010>;
P_0000026e306ea610 .param/l "DATA_WIDTH" 0 4 2, +C4<00000000000000000000000000010000>;
P_0000026e306ea648 .param/l "IMM8_WIDTH" 0 4 4, +C4<00000000000000000000000000001000>;
P_0000026e306ea680 .param/l "OP_WIDTH" 0 4 7, +C4<00000000000000000000000000000100>;
P_0000026e306ea6b8 .param/l "REG_WIDTH" 0 4 5, +C4<00000000000000000000000000000100>;
L_0000026e30724200 .functor BUFZ 4, L_0000026e30af8440, C4<0000>, C4<0000>, C4<0000>;
L_0000026e30724350 .functor BUFZ 4, L_0000026e30af9660, C4<0000>, C4<0000>, C4<0000>;
v0000026e30ae9c80_0 .net "ALUop", 0 0, L_0000026e30af7c20;  1 drivers
v0000026e30ae84c0_0 .var "ALUopE", 0 0;
v0000026e30ae9140_0 .net "Branch", 0 0, L_0000026e30af9ac0;  1 drivers
v0000026e30ae8d80_0 .var "BranchE", 0 0;
v0000026e30ae9280_0 .net "Floating", 0 0, L_0000026e30af8940;  1 drivers
v0000026e30ae9dc0_0 .var "FloatingE", 0 0;
v0000026e30ae8ec0_0 .net "Jump", 0 0, L_0000026e30af9980;  alias, 1 drivers
v0000026e30ae8ba0_0 .net "MemRead", 0 0, L_0000026e30af9840;  1 drivers
v0000026e30ae8420_0 .var "MemReadE", 0 0;
v0000026e30ae8560_0 .net "MemToReg", 0 0, L_0000026e30af9160;  1 drivers
v0000026e30ae8f60_0 .var "MemToRegE", 0 0;
v0000026e30ae93c0_0 .net "MemWrite", 0 0, L_0000026e30af9520;  1 drivers
v0000026e30ae9820_0 .var "MemWriteE", 0 0;
v0000026e30ae8600_0 .net "Mov", 0 0, L_0000026e30af83a0;  1 drivers
v0000026e30ae98c0_0 .var "MovE", 0 0;
v0000026e30ae8b00_0 .net "PCD_i", 7 0, v0000026e30aeebc0_0;  alias, 1 drivers
v0000026e30ae86a0_0 .var "PCE", 7 0;
v0000026e30ae9a00_0 .net "RegDst", 0 0, L_0000026e30af7cc0;  1 drivers
v0000026e30ae9460_0 .var "RegDstE", 0 0;
v0000026e30ae9500_0 .net "RegWrite", 0 0, L_0000026e30af98e0;  1 drivers
v0000026e30ae87e0_0 .var "RegWriteE", 0 0;
v0000026e30ae8880_0 .net8 "Stop", 0 0, RS_0000026e30a921f8;  alias, 2 drivers
v0000026e30ae95a0_0 .net "clk", 0 0, o0000026e30a91718;  alias, 0 drivers
v0000026e30ae9640_0 .net "flush_ID_EX_i", 0 0, v0000026e30af0270_0;  alias, 1 drivers
v0000026e30ae9780_0 .net "imm8D", 7 0, L_0000026e30af81c0;  1 drivers
v0000026e30aee940_0 .net "instruction_mem_rD_i", 15 0, o0000026e30a925b8;  alias, 0 drivers
v0000026e30aef0c0_0 .net "jumpAddr", 7 0, o0000026e30a925e8;  alias, 0 drivers
v0000026e30aef2a0_0 .net "opcode", 3 0, L_0000026e30af9480;  1 drivers
v0000026e30aee8a0_0 .net "rdD", 3 0, L_0000026e30af8bc0;  alias, 1 drivers
v0000026e30aef340_0 .net "rdE", 3 0, o0000026e30a91838;  alias, 0 drivers
v0000026e30aef480_0 .net "reg_file_r1", 3 0, L_0000026e30724200;  alias, 1 drivers
v0000026e30aeeb20_0 .net "reg_file_r2", 3 0, L_0000026e30724350;  alias, 1 drivers
v0000026e30aefd40_0 .net "rsD", 3 0, L_0000026e30af8440;  alias, 1 drivers
v0000026e30aeeda0_0 .net "rsE", 3 0, o0000026e30a91868;  alias, 0 drivers
v0000026e30aee9e0_0 .net "rst", 0 0, o0000026e30a918c8;  alias, 0 drivers
v0000026e30aee620_0 .net "rtD", 3 0, L_0000026e30af9660;  alias, 1 drivers
v0000026e30aefde0_0 .net "rtE", 3 0, o0000026e30a918f8;  alias, 0 drivers
v0000026e30aef7a0_0 .net "stall_ID_EX_i", 0 0, v0000026e30af0a90_0;  alias, 1 drivers
L_0000026e30af8440 .part o0000026e30a925b8, 8, 4;
L_0000026e30af9660 .part o0000026e30a925b8, 4, 4;
L_0000026e30af8bc0 .part o0000026e30a925b8, 0, 4;
L_0000026e30af81c0 .part o0000026e30a925b8, 0, 8;
L_0000026e30af9480 .part o0000026e30a925b8, 12, 4;
S_0000026e306e4700 .scope module, "ctr" "CTR" 4 69, 5 1 0, S_0000026e306a2590;
 .timescale 0 0;
    .port_info 0 /INPUT 4 "opcode_i";
    .port_info 1 /OUTPUT 1 "RegWrite";
    .port_info 2 /OUTPUT 1 "ALUop";
    .port_info 3 /OUTPUT 1 "Branch";
    .port_info 4 /OUTPUT 1 "MemRead";
    .port_info 5 /OUTPUT 1 "RegDst";
    .port_info 6 /OUTPUT 1 "MemWrite";
    .port_info 7 /OUTPUT 1 "Jump";
    .port_info 8 /OUTPUT 1 "MemToReg";
    .port_info 9 /OUTPUT 1 "Mov";
    .port_info 10 /OUTPUT 1 "Floating";
    .port_info 11 /OUTPUT 1 "Stop";
P_0000026e30636690 .param/l "ADD" 1 5 16, C4<0010>;
P_0000026e306366c8 .param/l "ADDF" 1 5 23, C4<1000>;
P_0000026e30636700 .param/l "ADDF_CV" 1 5 35, C4<10000000010>;
P_0000026e30636738 .param/l "ADD_CV" 1 5 28, C4<10000000000>;
P_0000026e30636770 .param/l "JMPZ" 1 5 21, C4<0101>;
P_0000026e306367a8 .param/l "JMPZ_CV" 1 5 33, C4<00100000000>;
P_0000026e306367e0 .param/l "LW" 1 5 18, C4<0000>;
P_0000026e30636818 .param/l "LW_CV" 1 5 30, C4<10011001000>;
P_0000026e30636850 .param/l "MOV" 1 5 20, C4<0011>;
P_0000026e30636888 .param/l "MOV_CV" 1 5 32, C4<10001000100>;
P_0000026e306368c0 .param/l "MULTF" 1 5 24, C4<1001>;
P_0000026e306368f8 .param/l "MULTF_CV" 1 5 36, C4<10000000010>;
P_0000026e30636930 .param/l "NOP" 1 5 25, C4<1111>;
P_0000026e30636968 .param/l "NOP_CV" 1 5 37, C4<00000000000>;
P_0000026e306369a0 .param/l "OP_WIDTH" 0 5 1, +C4<00000000000000000000000000000100>;
P_0000026e306369d8 .param/l "STOP" 1 5 22, C4<0111>;
P_0000026e30636a10 .param/l "STOP_CV" 1 5 34, C4<00000000001>;
P_0000026e30636a48 .param/l "SUB" 1 5 19, C4<0100>;
P_0000026e30636a80 .param/l "SUB_CV" 1 5 31, C4<11000000000>;
P_0000026e30636ab8 .param/l "SW" 1 5 17, C4<0001>;
P_0000026e30636af0 .param/l "SW_CV" 1 5 29, C4<00000100000>;
v0000026e30ae8a60_0 .net "ALUop", 0 0, L_0000026e30af7c20;  alias, 1 drivers
v0000026e30ae8e20_0 .net "Branch", 0 0, L_0000026e30af9ac0;  alias, 1 drivers
v0000026e30ae9960_0 .net "Floating", 0 0, L_0000026e30af8940;  alias, 1 drivers
v0000026e30ae90a0_0 .net "Jump", 0 0, L_0000026e30af9980;  alias, 1 drivers
v0000026e30ae9000_0 .net "MemRead", 0 0, L_0000026e30af9840;  alias, 1 drivers
v0000026e30ae8060_0 .net "MemToReg", 0 0, L_0000026e30af9160;  alias, 1 drivers
v0000026e30ae96e0_0 .net "MemWrite", 0 0, L_0000026e30af9520;  alias, 1 drivers
v0000026e30ae8100_0 .net "Mov", 0 0, L_0000026e30af83a0;  alias, 1 drivers
v0000026e30ae89c0_0 .net "RegDst", 0 0, L_0000026e30af7cc0;  alias, 1 drivers
v0000026e30ae9e60_0 .net "RegWrite", 0 0, L_0000026e30af98e0;  alias, 1 drivers
v0000026e30ae8740_0 .net8 "Stop", 0 0, RS_0000026e30a921f8;  alias, 2 drivers
v0000026e30ae81a0_0 .net *"_ivl_12", 10 0, L_0000026e30af9020;  1 drivers
L_0000026e30af9d08 .functor BUFT 1, C4<0000000000>, C4<0>, C4<0>, C4<0>;
v0000026e30ae91e0_0 .net *"_ivl_15", 9 0, L_0000026e30af9d08;  1 drivers
v0000026e30ae82e0_0 .var "control_vector", 0 0;
v0000026e30ae8380_0 .net "opcode_i", 3 0, L_0000026e30af9480;  alias, 1 drivers
E_0000026e30731770 .event anyedge, v0000026e30ae8380_0;
L_0000026e30af98e0 .part L_0000026e30af9020, 10, 1;
L_0000026e30af7c20 .part L_0000026e30af9020, 9, 1;
L_0000026e30af9ac0 .part L_0000026e30af9020, 8, 1;
L_0000026e30af9840 .part L_0000026e30af9020, 7, 1;
L_0000026e30af7cc0 .part L_0000026e30af9020, 6, 1;
L_0000026e30af9520 .part L_0000026e30af9020, 5, 1;
L_0000026e30af9980 .part L_0000026e30af9020, 4, 1;
L_0000026e30af9160 .part L_0000026e30af9020, 3, 1;
L_0000026e30af83a0 .part L_0000026e30af9020, 2, 1;
L_0000026e30af8940 .part L_0000026e30af9020, 1, 1;
L_0000026e30af86c0 .part L_0000026e30af9020, 0, 1;
L_0000026e30af9020 .concat [ 1 10 0 0], v0000026e30ae82e0_0, L_0000026e30af9d08;
S_0000026e306d28e0 .scope module, "u_IF" "IF" 2 144, 6 1 0, S_0000026e3068cfd0;
 .timescale 0 0;
    .port_info 0 /INPUT 1 "rst";
    .port_info 1 /INPUT 1 "clk";
    .port_info 2 /INPUT 1 "jump_i";
    .port_info 3 /INPUT 1 "PC_src_i";
    .port_info 4 /INPUT 1 "start";
    .port_info 5 /INPUT 1 "stop";
    .port_info 6 /INPUT 8 "branchAddr_i";
    .port_info 7 /INPUT 8 "jumpAddr_i";
    .port_info 8 /INPUT 1 "flushIF_ID_i";
    .port_info 9 /INPUT 1 "stallIF_ID_i";
    .port_info 10 /INPUT 1 "stallPC_i";
    .port_info 11 /OUTPUT 8 "im_addr_o";
    .port_info 12 /OUTPUT 1 "im_rd_o";
    .port_info 13 /OUTPUT 8 "PCD_IF_ID_rd_o";
    .port_info 14 /OUTPUT 1 "processor_status_r_o";
    .port_info 15 /OUTPUT 8 "PC";
P_0000026e3063a300 .param/l "ADDR_WIDTH" 0 6 2, +C4<00000000000000000000000000001000>;
P_0000026e3063a338 .param/l "DATA_WIDTH" 0 6 1, +C4<00000000000000000000000000010000>;
L_0000026e30724900 .functor BUFZ 8, v0000026e30aeef80_0, C4<00000000>, C4<00000000>, C4<00000000>;
L_0000026e30724a50 .functor BUFZ 8, v0000026e30aeef80_0, C4<00000000>, C4<00000000>, C4<00000000>;
v0000026e30aee580_0 .net "PC", 7 0, L_0000026e30724900;  alias, 1 drivers
v0000026e30aeebc0_0 .var "PCD_IF_ID_rd_o", 7 0;
v0000026e30aeed00_0 .net "PCF", 7 0, L_0000026e30af9340;  1 drivers
v0000026e30aeec60_0 .net "PC_src_i", 0 0, L_0000026e306ab380;  alias, 1 drivers
L_0000026e30af9c78 .functor BUFT 1, C4<00000001>, C4<0>, C4<0>, C4<0>;
v0000026e30aee6c0_0 .net/2u *"_ivl_0", 7 0, L_0000026e30af9c78;  1 drivers
v0000026e30aeea80_0 .net "branchAddr_i", 7 0, L_0000026e30af7d60;  alias, 1 drivers
v0000026e30aef020_0 .net "clk", 0 0, o0000026e30a91718;  alias, 0 drivers
v0000026e30aee440_0 .net "flushIF_ID_i", 0 0, v0000026e30af17b0_0;  alias, 1 drivers
v0000026e30aef8e0_0 .net8 "im_addr_o", 7 0, RS_0000026e30a92d68;  alias, 2 drivers
v0000026e30aee4e0_0 .net "im_rd_o", 0 0, o0000026e30a92d98;  alias, 0 drivers
v0000026e30aef200_0 .net "jumpAddr_i", 7 0, o0000026e30a925e8;  alias, 0 drivers
v0000026e30aee760_0 .net "jump_i", 0 0, o0000026e30a92dc8;  alias, 0 drivers
v0000026e30aeef80_0 .var "pc_rd", 7 0;
v0000026e30aef700_0 .var "pc_wr", 7 0;
v0000026e30aef840_0 .var "processor_status_r_o", 0 0;
v0000026e30aee800_0 .net "rst", 0 0, o0000026e30a918c8;  alias, 0 drivers
v0000026e30aeee40_0 .net "stallIF_ID_i", 0 0, v0000026e30af0bd0_0;  alias, 1 drivers
v0000026e30aeeee0_0 .net "stallPC_i", 0 0, v0000026e30af2b40_0;  alias, 1 drivers
v0000026e30aef160_0 .net "start", 0 0, o0000026e30a92ee8;  alias, 0 drivers
v0000026e30aefac0_0 .net "stop", 0 0, v0000026e30af5d70_0;  1 drivers
E_0000026e307317b0/0 .event anyedge, v0000026e30aeee40_0, v0000026e30aeef80_0, v0000026e30aeec60_0, v0000026e30aeea80_0;
E_0000026e307317b0/1 .event anyedge, v0000026e30aee760_0, v0000026e30aef0c0_0, v0000026e30aef840_0, v0000026e30aeed00_0;
E_0000026e307317b0 .event/or E_0000026e307317b0/0, E_0000026e307317b0/1;
L_0000026e30af9340 .arith/sum 8, v0000026e30aeef80_0, L_0000026e30af9c78;
S_0000026e306d2a70 .scope module, "u_MEM" "MEM" 2 307, 7 1 0, S_0000026e3068cfd0;
 .timescale 0 0;
    .port_info 0 /INPUT 1 "clk";
    .port_info 1 /INPUT 1 "rst";
    .port_info 2 /INPUT 8 "PCM_i";
    .port_info 3 /INPUT 16 "alu_outM_i";
    .port_info 4 /INPUT 16 "WriteDataM_i";
    .port_info 5 /INPUT 8 "imm8M_i";
    .port_info 6 /INPUT 4 "rsM_i";
    .port_info 7 /INPUT 4 "WriteRegM_i";
    .port_info 8 /INPUT 1 "stall_MEM_WB_i";
    .port_info 9 /INPUT 1 "MemSrc_i";
    .port_info 10 /INPUT 1 "RegWriteM_i";
    .port_info 11 /INPUT 1 "BranchM_i";
    .port_info 12 /INPUT 1 "MemReadM_i";
    .port_info 13 /INPUT 1 "MemWriteM_i";
    .port_info 14 /INPUT 1 "MemToRegM_i";
    .port_info 15 /INPUT 1 "MovM_i";
    .port_info 16 /INPUT 16 "ResultW_i";
    .port_info 17 /OUTPUT 8 "branchAddr_o";
    .port_info 18 /OUTPUT 16 "WBResultM_o";
    .port_info 19 /OUTPUT 4 "WriteRegM_o";
    .port_info 20 /OUTPUT 1 "RegWriteM_o";
    .port_info 21 /OUTPUT 1 "MemToRegM_o";
    .port_info 22 /OUTPUT 8 "MemAddr_o";
    .port_info 23 /OUTPUT 16 "WriteDataM_o";
    .port_info 24 /OUTPUT 1 "PC_src_o";
P_0000026e306d2c00 .param/l "ADDR_WIDTH" 0 7 2, +C4<00000000000000000000000000001000>;
P_0000026e306d2c38 .param/l "CV_WIDTH" 0 7 5, +C4<00000000000000000000000000001010>;
P_0000026e306d2c70 .param/l "DATA_WIDTH" 0 7 1, +C4<00000000000000000000000000010000>;
P_0000026e306d2ca8 .param/l "IMM8_WIDTH" 0 7 3, +C4<00000000000000000000000000001000>;
P_0000026e306d2ce0 .param/l "OP_WIDTH" 0 7 6, +C4<00000000000000000000000000000100>;
P_0000026e306d2d18 .param/l "REG_WIDTH" 0 7 4, +C4<00000000000000000000000000000100>;
L_0000026e306ab380 .functor AND 1, L_0000026e30af8800, v0000026e3073a3c0_0, C4<1>, C4<1>;
L_0000026e306f5470 .functor BUFZ 8, v0000026e30ae9aa0_0, C4<00000000>, C4<00000000>, C4<00000000>;
v0000026e30aef3e0_0 .net "BranchM_i", 0 0, v0000026e3073a3c0_0;  alias, 1 drivers
v0000026e30aef980_0 .net "MemAddr_o", 7 0, L_0000026e306f5470;  alias, 1 drivers
v0000026e30aef520_0 .net "MemReadM_i", 0 0, o0000026e30a93278;  alias, 0 drivers
v0000026e30aef5c0_0 .net "MemSrc_i", 0 0, v0000026e30af2280_0;  alias, 1 drivers
v0000026e30aee080_0 .net "MemToRegM_i", 0 0, v0000026e3073aa00_0;  alias, 1 drivers
v0000026e30aefb60_0 .var "MemToRegM_o", 0 0;
v0000026e30aef660_0 .net "MemWriteM_i", 0 0, o0000026e30a93308;  alias, 0 drivers
v0000026e30aefa20_0 .net "MovM_i", 0 0, v0000026e3073b7c0_0;  alias, 1 drivers
v0000026e30aefe80_0 .net "PCM_i", 7 0, v0000026e3073b2c0_0;  alias, 1 drivers
v0000026e30aeff20_0 .net "PC_src_o", 0 0, L_0000026e306ab380;  alias, 1 drivers
v0000026e30aefc00_0 .net "RegWriteM_i", 0 0, v0000026e3073abe0_0;  alias, 1 drivers
v0000026e30aee120_0 .var "RegWriteM_o", 0 0;
v0000026e30aee1c0_0 .net "ResultW_i", 15 0, L_0000026e30af8620;  alias, 1 drivers
v0000026e30aefca0_0 .var "WBResultM_o", 15 0;
v0000026e30aee260_0 .net "WBResult_w", 15 0, L_0000026e30af97a0;  1 drivers
v0000026e30aee300_0 .net "WriteDataM_i", 15 0, v0000026e3073a820_0;  alias, 1 drivers
v0000026e30aee3a0_0 .net "WriteDataM_o", 15 0, L_0000026e30af8a80;  alias, 1 drivers
v0000026e30af1490_0 .net8 "WriteRegM_i", 3 0, RS_0000026e30a91508;  alias, 2 drivers
v0000026e30af1530_0 .var "WriteRegM_o", 3 0;
v0000026e30af09f0_0 .net *"_ivl_0", 31 0, L_0000026e30af90c0;  1 drivers
L_0000026e30af9f00 .functor BUFT 1, C4<xxxxxxxx>, C4<0>, C4<0>, C4<0>;
v0000026e30af0130_0 .net *"_ivl_16", 7 0, L_0000026e30af9f00;  1 drivers
v0000026e30af0e50_0 .net *"_ivl_18", 15 0, L_0000026e30af9700;  1 drivers
L_0000026e30af9e70 .functor BUFT 1, C4<0000000000000000>, C4<0>, C4<0>, C4<0>;
v0000026e30af1a30_0 .net *"_ivl_3", 15 0, L_0000026e30af9e70;  1 drivers
L_0000026e30af9eb8 .functor BUFT 1, C4<00000000000000000000000000000000>, C4<0>, C4<0>, C4<0>;
v0000026e30af03b0_0 .net/2u *"_ivl_4", 31 0, L_0000026e30af9eb8;  1 drivers
v0000026e30af1e90_0 .net *"_ivl_6", 0 0, L_0000026e30af8800;  1 drivers
v0000026e30af0b30_0 .net "alu_outM_i", 15 0, v0000026e3073a000_0;  alias, 1 drivers
v0000026e30af08b0_0 .net "branchAddr_o", 7 0, L_0000026e30af7d60;  alias, 1 drivers
v0000026e30af1f30_0 .net "clk", 0 0, o0000026e30a91718;  alias, 0 drivers
v0000026e30af12b0_0 .net "imm8M_i", 7 0, v0000026e30ae9aa0_0;  alias, 1 drivers
v0000026e30af0090_0 .net "rsM_i", 3 0, v0000026e30ae9b40_0;  alias, 1 drivers
v0000026e30af0450_0 .net "rst", 0 0, o0000026e30a918c8;  alias, 0 drivers
v0000026e30af1990_0 .net "stall_MEM_WB_i", 0 0, v0000026e30af0db0_0;  alias, 1 drivers
L_0000026e30af90c0 .concat [ 16 16 0 0], L_0000026e30af8a80, L_0000026e30af9e70;
L_0000026e30af8800 .cmp/eq 32, L_0000026e30af90c0, L_0000026e30af9eb8;
L_0000026e30af7d60 .arith/sum 8, v0000026e3073b2c0_0, v0000026e30ae9aa0_0;
L_0000026e30af8a80 .functor MUXZ 16, v0000026e3073a820_0, L_0000026e30af8620, v0000026e30af2280_0, C4<>;
L_0000026e30af9700 .concat [ 8 8 0 0], v0000026e30ae9aa0_0, L_0000026e30af9f00;
L_0000026e30af97a0 .functor MUXZ 16, v0000026e3073a000_0, L_0000026e30af9700, v0000026e3073b7c0_0, C4<>;
S_0000026e306c2a20 .scope module, "u_WB" "WB" 2 358, 8 1 0, S_0000026e3068cfd0;
 .timescale 0 0;
    .port_info 0 /INPUT 1 "clk";
    .port_info 1 /INPUT 1 "rst";
    .port_info 2 /INPUT 16 "WBResultW_i";
    .port_info 3 /INPUT 4 "WriteRegW_i";
    .port_info 4 /INPUT 1 "RegWriteW_i";
    .port_info 5 /INPUT 1 "MemToRegW_i";
    .port_info 6 /OUTPUT 1 "RegWriteW_o";
    .port_info 7 /INPUT 16 "memData_r_i";
    .port_info 8 /OUTPUT 16 "ResultW_o";
    .port_info 9 /OUTPUT 4 "WriteRegW_o";
P_0000026e306ea8c0 .param/l "ADDR_WIDTH" 0 8 2, +C4<00000000000000000000000000001000>;
P_0000026e306ea8f8 .param/l "CV_WIDTH" 0 8 5, +C4<00000000000000000000000000001010>;
P_0000026e306ea930 .param/l "DATA_WIDTH" 0 8 1, +C4<00000000000000000000000000010000>;
P_0000026e306ea968 .param/l "IMM8_WIDTH" 0 8 3, +C4<00000000000000000000000000001000>;
P_0000026e306ea9a0 .param/l "OP_WIDTH" 0 8 6, +C4<00000000000000000000000000000100>;
P_0000026e306ea9d8 .param/l "REG_WIDTH" 0 8 4, +C4<00000000000000000000000000000100>;
L_0000026e30b51e10 .functor BUFZ 4, RS_0000026e30a91508, C4<0000>, C4<0000>, C4<0000>;
v0000026e30af04f0_0 .net "MemToRegW_i", 0 0, v0000026e30aefb60_0;  alias, 1 drivers
v0000026e30af15d0_0 .net "RegWriteW_i", 0 0, v0000026e30aee120_0;  alias, 1 drivers
v0000026e30af1ad0_0 .net "RegWriteW_o", 0 0, v0000026e30aee120_0;  alias, 1 drivers
v0000026e30af0ef0_0 .net "ResultW_o", 15 0, L_0000026e30af8620;  alias, 1 drivers
v0000026e30af1c10_0 .net "WBResultW_i", 15 0, v0000026e30aefca0_0;  alias, 1 drivers
v0000026e30af1cb0_0 .net8 "WriteRegW_i", 3 0, RS_0000026e30a91508;  alias, 2 drivers
v0000026e30af0c70_0 .net "WriteRegW_o", 3 0, L_0000026e30b51e10;  alias, 1 drivers
v0000026e30af1d50_0 .net "clk", 0 0, o0000026e30a91718;  alias, 0 drivers
v0000026e30af01d0_0 .net "memData_r_i", 15 0, o0000026e30a939f8;  alias, 0 drivers
v0000026e30af0950_0 .net "rst", 0 0, o0000026e30a918c8;  alias, 0 drivers
L_0000026e30af8620 .functor MUXZ 16, v0000026e30aefca0_0, o0000026e30a939f8, v0000026e30aefb60_0, C4<>;
S_0000026e306b9280 .scope module, "u_hazardUnit" "hazardUnit" 2 99, 9 1 0, S_0000026e3068cfd0;
 .timescale 0 0;
    .port_info 0 /INPUT 1 "clk";
    .port_info 1 /INPUT 1 "rst";
    .port_info 2 /INPUT 4 "rsE";
    .port_info 3 /INPUT 4 "rtE";
    .port_info 4 /INPUT 1 "RegWriteM";
    .port_info 5 /INPUT 1 "RegWriteW";
    .port_info 6 /INPUT 4 "WriteRegM";
    .port_info 7 /INPUT 4 "WriteRegW";
    .port_info 8 /INPUT 4 "rsM";
    .port_info 9 /INPUT 4 "rsI";
    .port_info 10 /INPUT 4 "rtI";
    .port_info 11 /INPUT 1 "MemReadE";
    .port_info 12 /INPUT 1 "stop";
    .port_info 13 /INPUT 1 "PCSrc";
    .port_info 14 /INPUT 1 "jump";
    .port_info 15 /OUTPUT 2 "alu_src1";
    .port_info 16 /OUTPUT 2 "alu_src2";
    .port_info 17 /OUTPUT 1 "mem_src";
    .port_info 18 /OUTPUT 1 "flushEX_MEM";
    .port_info 19 /OUTPUT 1 "flushIF_ID";
    .port_info 20 /OUTPUT 1 "pcstall";
    .port_info 21 /OUTPUT 1 "flushID_EX";
    .port_info 22 /OUTPUT 1 "IF_IDstall";
    .port_info 23 /OUTPUT 1 "ID_EXstall";
    .port_info 24 /OUTPUT 1 "EX_MEMstall";
    .port_info 25 /OUTPUT 1 "MEM_WBstall";
P_0000026e30731070 .param/l "REG_WIDTH" 0 9 1, +C4<00000000000000000000000000000100>;
L_0000026e307240b0 .functor AND 1, v0000026e30af10d0_0, v0000026e30af1710_0, C4<1>, C4<1>;
v0000026e30af0d10_0 .var "EX_MEMstall", 0 0;
v0000026e30af0a90_0 .var "ID_EXstall", 0 0;
v0000026e30af0bd0_0 .var "IF_IDstall", 0 0;
v0000026e30af0db0_0 .var "MEM_WBstall", 0 0;
v0000026e30af1210_0 .net "MemReadE", 0 0, v0000026e30ae8420_0;  alias, 1 drivers
v0000026e30af06d0_0 .net "PCSrc", 0 0, o0000026e30a93c08;  alias, 0 drivers
v0000026e30af1170_0 .net "RegWriteM", 0 0, v0000026e3073abe0_0;  alias, 1 drivers
v0000026e30af0630_0 .net "RegWriteW", 0 0, v0000026e30aee120_0;  alias, 1 drivers
v0000026e30af18f0_0 .net8 "WriteRegM", 3 0, RS_0000026e30a91508;  alias, 2 drivers
v0000026e30af0590_0 .net "WriteRegW", 3 0, L_0000026e30b51e10;  alias, 1 drivers
v0000026e30af1df0_0 .net *"_ivl_2", 31 0, L_0000026e30af8b20;  1 drivers
L_0000026e30af9be8 .functor BUFT 1, C4<00000000000000000000000000000>, C4<0>, C4<0>, C4<0>;
v0000026e30af1350_0 .net *"_ivl_5", 28 0, L_0000026e30af9be8;  1 drivers
L_0000026e30af9c30 .functor BUFT 1, C4<00000000000000000000000000000010>, C4<0>, C4<0>, C4<0>;
v0000026e30af0f90_0 .net/2u *"_ivl_6", 31 0, L_0000026e30af9c30;  1 drivers
v0000026e30af1b70_0 .var "alu_src1", 1 0;
v0000026e30af1670_0 .var "alu_src2", 1 0;
v0000026e30af1030_0 .net "branch_flush_flag", 0 0, L_0000026e307240b0;  1 drivers
v0000026e30af1710_0 .var "branch_hazard_flag_r", 0 0;
v0000026e30af10d0_0 .var "branch_hazard_flag_w", 0 0;
v0000026e30af0770_0 .net "clk", 0 0, o0000026e30a91718;  alias, 0 drivers
v0000026e30af13f0_0 .var "flushEX_MEM", 0 0;
v0000026e30af0270_0 .var "flushID_EX", 0 0;
v0000026e30af17b0_0 .var "flushIF_ID", 0 0;
v0000026e30af1850_0 .var "flush_cnt", 2 0;
v0000026e30af0810_0 .net "flush_done_flag", 0 0, L_0000026e30af93e0;  1 drivers
v0000026e30af0310_0 .net "jump", 0 0, o0000026e30a92dc8;  alias, 0 drivers
v0000026e30af2280_0 .var "mem_src", 0 0;
v0000026e30af2b40_0 .var "pcstall", 0 0;
v0000026e30af3860_0 .net "rsE", 3 0, o0000026e30a91868;  alias, 0 drivers
v0000026e30af34a0_0 .net "rsI", 3 0, o0000026e30a93db8;  alias, 0 drivers
v0000026e30af3d60_0 .net "rsM", 3 0, v0000026e30ae9b40_0;  alias, 1 drivers
v0000026e30af2fa0_0 .net "rst", 0 0, o0000026e30a918c8;  alias, 0 drivers
v0000026e30af20a0_0 .net "rtE", 3 0, o0000026e30a918f8;  alias, 0 drivers
v0000026e30af2be0_0 .net "rtI", 3 0, o0000026e30a93de8;  alias, 0 drivers
v0000026e30af3720_0 .net "stop", 0 0, v0000026e30af5d70_0;  alias, 1 drivers
E_0000026e30731ab0 .event anyedge, v0000026e30ae9f00_0, v0000026e30af06d0_0, v0000026e30af0810_0, v0000026e30af1710_0;
E_0000026e30730d30 .event anyedge, v0000026e30aee760_0, v0000026e30af1030_0;
E_0000026e30731370/0 .event anyedge, v0000026e30aefac0_0, v0000026e30af34a0_0, v0000026e30ae8ce0_0, v0000026e30af2be0_0;
E_0000026e30731370/1 .event anyedge, v0000026e3073a640_0;
E_0000026e30731370 .event/or E_0000026e30731370/0, E_0000026e30731370/1;
E_0000026e307313b0 .event anyedge, v0000026e30ae9b40_0, v0000026e30af0c70_0, v0000026e3073a640_0;
E_0000026e30731530/0 .event anyedge, v0000026e30ae8240_0, v0000026e3073b4a0_0, v0000026e3073abe0_0, v0000026e30af0c70_0;
E_0000026e30731530/1 .event anyedge, v0000026e30aee120_0;
E_0000026e30731530 .event/or E_0000026e30731530/0, E_0000026e30731530/1;
E_0000026e307318f0/0 .event anyedge, v0000026e30ae8ce0_0, v0000026e3073b4a0_0, v0000026e3073abe0_0, v0000026e30af0c70_0;
E_0000026e307318f0/1 .event anyedge, v0000026e30aee120_0;
E_0000026e307318f0 .event/or E_0000026e307318f0/0, E_0000026e307318f0/1;
L_0000026e30af8b20 .concat [ 3 29 0 0], v0000026e30af1850_0, L_0000026e30af9be8;
L_0000026e30af93e0 .cmp/eq 32, L_0000026e30af8b20, L_0000026e30af9c30;
S_0000026e30af4270 .scope module, "u_reg_file" "reg_file" 2 224, 10 1 0, S_0000026e3068cfd0;
 .timescale 0 0;
    .port_info 0 /INPUT 1 "rst";
    .port_info 1 /INPUT 1 "clk";
    .port_info 2 /INPUT 1 "w_en";
    .port_info 3 /INPUT 4 "w_addr";
    .port_info 4 /INPUT 1 "r1_en";
    .port_info 5 /INPUT 1 "r2_en";
    .port_info 6 /INPUT 4 "r1_addr";
    .port_info 7 /INPUT 4 "r2_addr";
    .port_info 8 /INPUT 16 "w_data";
    .port_info 9 /OUTPUT 16 "r1_data";
    .port_info 10 /OUTPUT 16 "r2_data";
P_0000026e306df020 .param/l "ADDR" 0 10 3, +C4<00000000000000000000000000000100>;
P_0000026e306df058 .param/l "DEPTH" 0 10 2, +C4<00000000000000000000000000010000>;
P_0000026e306df090 .param/l "WIDTH" 0 10 4, +C4<00000000000000000000000000010000>;
L_0000026e30b52740 .functor BUFT 16, L_0000026e30af8f80, C4<0000000000000000>, C4<0000000000000000>, C4<0000000000000000>;
L_0000026e30b52580 .functor BUFT 16, L_0000026e30af84e0, C4<0000000000000000>, C4<0000000000000000>, C4<0000000000000000>;
v0000026e30af3f40_0 .net *"_ivl_0", 15 0, L_0000026e30af8f80;  1 drivers
v0000026e30af2dc0_0 .net *"_ivl_10", 15 0, L_0000026e30af84e0;  1 drivers
v0000026e30af21e0_0 .net *"_ivl_12", 5 0, L_0000026e30af7fe0;  1 drivers
L_0000026e30af9d98 .functor BUFT 1, C4<00>, C4<0>, C4<0>, C4<0>;
v0000026e30af2460_0 .net *"_ivl_15", 1 0, L_0000026e30af9d98;  1 drivers
v0000026e30af3900_0 .net *"_ivl_2", 5 0, L_0000026e30af95c0;  1 drivers
L_0000026e30af9d50 .functor BUFT 1, C4<00>, C4<0>, C4<0>, C4<0>;
v0000026e30af37c0_0 .net *"_ivl_5", 1 0, L_0000026e30af9d50;  1 drivers
v0000026e30af3540_0 .net "clk", 0 0, o0000026e30a91718;  alias, 0 drivers
v0000026e30af2c80_0 .net "r1_addr", 3 0, L_0000026e30724200;  alias, 1 drivers
v0000026e30af3360_0 .net "r1_data", 15 0, L_0000026e30b52740;  alias, 1 drivers
L_0000026e30af9de0 .functor BUFT 1, C4<1>, C4<0>, C4<0>, C4<0>;
v0000026e30af3b80_0 .net "r1_en", 0 0, L_0000026e30af9de0;  1 drivers
v0000026e30af2d20_0 .net "r2_addr", 3 0, L_0000026e30724350;  alias, 1 drivers
v0000026e30af35e0_0 .net "r2_data", 15 0, L_0000026e30b52580;  alias, 1 drivers
L_0000026e30af9e28 .functor BUFT 1, C4<1>, C4<0>, C4<0>, C4<0>;
v0000026e30af39a0_0 .net "r2_en", 0 0, L_0000026e30af9e28;  1 drivers
v0000026e30af2f00 .array "rf", 15 0, 15 0;
v0000026e30af2500_0 .net "rst", 0 0, o0000026e30a918c8;  alias, 0 drivers
v0000026e30af3e00_0 .net "w_addr", 3 0, L_0000026e30b51e10;  alias, 1 drivers
v0000026e30af2320_0 .net "w_data", 15 0, L_0000026e30af8620;  alias, 1 drivers
v0000026e30af3040_0 .net "w_en", 0 0, v0000026e30aee120_0;  alias, 1 drivers
E_0000026e30731b70 .event posedge, v0000026e30ae9f00_0, v0000026e3072d740_0;
L_0000026e30af8f80 .array/port v0000026e30af2f00, L_0000026e30af95c0;
L_0000026e30af95c0 .concat [ 4 2 0 0], L_0000026e30724200, L_0000026e30af9d50;
L_0000026e30af84e0 .array/port v0000026e30af2f00, L_0000026e30af7fe0;
L_0000026e30af7fe0 .concat [ 4 2 0 0], L_0000026e30724350, L_0000026e30af9d98;
S_0000026e30af4400 .scope begin, "rf_block" "rf_block" 10 30, 10 30 0, S_0000026e30af4270;
 .timescale 0 0;
v0000026e30af2140_0 .var/i "i", 31 0;
    .scope S_0000026e306b9280;
T_0 ;
    %wait E_0000026e307318f0;
    %load/vec4 v0000026e30af3860_0;
    %pad/u 32;
    %cmpi/ne 0, 0, 32;
    %flag_get/vec4 4;
    %jmp/0 T_0.3, 4;
    %load/vec4 v0000026e30af3860_0;
    %load/vec4 v0000026e30af18f0_0;
    %cmp/e;
    %flag_get/vec4 4;
    %and;
T_0.3;
    %flag_set/vec4 9;
    %flag_get/vec4 9;
    %jmp/0 T_0.2, 9;
    %load/vec4 v0000026e30af1170_0;
    %pad/u 32;
    %pushi/vec4 1, 0, 32;
    %cmp/e;
    %flag_get/vec4 4;
    %and;
T_0.2;
    %flag_set/vec4 8;
    %jmp/0xz  T_0.0, 8;
    %pushi/vec4 1, 0, 2;
    %store/vec4 v0000026e30af1b70_0, 0, 2;
    %jmp T_0.1;
T_0.0 ;
    %load/vec4 v0000026e30af3860_0;
    %pad/u 32;
    %cmpi/ne 0, 0, 32;
    %flag_get/vec4 4;
    %jmp/0 T_0.7, 4;
    %load/vec4 v0000026e30af3860_0;
    %load/vec4 v0000026e30af0590_0;
    %cmp/e;
    %flag_get/vec4 4;
    %and;
T_0.7;
    %flag_set/vec4 9;
    %flag_get/vec4 9;
    %jmp/0 T_0.6, 9;
    %load/vec4 v0000026e30af0630_0;
    %pad/u 32;
    %pushi/vec4 1, 0, 32;
    %cmp/e;
    %flag_get/vec4 4;
    %and;
T_0.6;
    %flag_set/vec4 8;
    %jmp/0xz  T_0.4, 8;
    %pushi/vec4 2, 0, 2;
    %store/vec4 v0000026e30af1b70_0, 0, 2;
    %jmp T_0.5;
T_0.4 ;
    %pushi/vec4 0, 0, 2;
    %store/vec4 v0000026e30af1b70_0, 0, 2;
T_0.5 ;
T_0.1 ;
    %jmp T_0;
    .thread T_0, $push;
    .scope S_0000026e306b9280;
T_1 ;
    %wait E_0000026e30731530;
    %load/vec4 v0000026e30af20a0_0;
    %pad/u 32;
    %cmpi/ne 0, 0, 32;
    %flag_get/vec4 4;
    %jmp/0 T_1.3, 4;
    %load/vec4 v0000026e30af20a0_0;
    %load/vec4 v0000026e30af18f0_0;
    %cmp/e;
    %flag_get/vec4 4;
    %and;
T_1.3;
    %flag_set/vec4 9;
    %flag_get/vec4 9;
    %jmp/0 T_1.2, 9;
    %load/vec4 v0000026e30af1170_0;
    %pad/u 32;
    %pushi/vec4 1, 0, 32;
    %cmp/e;
    %flag_get/vec4 4;
    %and;
T_1.2;
    %flag_set/vec4 8;
    %jmp/0xz  T_1.0, 8;
    %pushi/vec4 1, 0, 2;
    %store/vec4 v0000026e30af1670_0, 0, 2;
    %jmp T_1.1;
T_1.0 ;
    %load/vec4 v0000026e30af20a0_0;
    %pad/u 32;
    %cmpi/ne 0, 0, 32;
    %flag_get/vec4 4;
    %jmp/0 T_1.7, 4;
    %load/vec4 v0000026e30af20a0_0;
    %load/vec4 v0000026e30af0590_0;
    %cmp/e;
    %flag_get/vec4 4;
    %and;
T_1.7;
    %flag_set/vec4 9;
    %flag_get/vec4 9;
    %jmp/0 T_1.6, 9;
    %load/vec4 v0000026e30af0630_0;
    %pad/u 32;
    %pushi/vec4 1, 0, 32;
    %cmp/e;
    %flag_get/vec4 4;
    %and;
T_1.6;
    %flag_set/vec4 8;
    %jmp/0xz  T_1.4, 8;
    %pushi/vec4 2, 0, 2;
    %store/vec4 v0000026e30af1670_0, 0, 2;
    %jmp T_1.5;
T_1.4 ;
    %pushi/vec4 0, 0, 2;
    %store/vec4 v0000026e30af1670_0, 0, 2;
T_1.5 ;
T_1.1 ;
    %jmp T_1;
    .thread T_1, $push;
    .scope S_0000026e306b9280;
T_2 ;
    %wait E_0000026e307313b0;
    %load/vec4 v0000026e30af3d60_0;
    %pad/u 32;
    %cmpi/ne 0, 0, 32;
    %flag_get/vec4 4;
    %jmp/0 T_2.3, 4;
    %load/vec4 v0000026e30af3d60_0;
    %load/vec4 v0000026e30af0590_0;
    %cmp/e;
    %flag_get/vec4 4;
    %and;
T_2.3;
    %flag_set/vec4 9;
    %flag_get/vec4 9;
    %jmp/0 T_2.2, 9;
    %load/vec4 v0000026e30af1210_0;
    %pad/u 32;
    %pushi/vec4 1, 0, 32;
    %cmp/e;
    %flag_get/vec4 4;
    %and;
T_2.2;
    %flag_set/vec4 8;
    %jmp/0xz  T_2.0, 8;
    %pushi/vec4 1, 0, 1;
    %store/vec4 v0000026e30af2280_0, 0, 1;
    %jmp T_2.1;
T_2.0 ;
    %pushi/vec4 0, 0, 1;
    %store/vec4 v0000026e30af2280_0, 0, 1;
T_2.1 ;
    %jmp T_2;
    .thread T_2, $push;
    .scope S_0000026e306b9280;
T_3 ;
    %wait E_0000026e30731370;
    %load/vec4 v0000026e30af3720_0;
    %flag_set/vec4 8;
    %jmp/0xz  T_3.0, 8;
    %pushi/vec4 1, 0, 1;
    %store/vec4 v0000026e30af0bd0_0, 0, 1;
    %pushi/vec4 1, 0, 1;
    %store/vec4 v0000026e30af0a90_0, 0, 1;
    %pushi/vec4 1, 0, 1;
    %store/vec4 v0000026e30af0d10_0, 0, 1;
    %pushi/vec4 1, 0, 1;
    %store/vec4 v0000026e30af0db0_0, 0, 1;
    %pushi/vec4 1, 0, 1;
    %store/vec4 v0000026e30af2b40_0, 0, 1;
    %pushi/vec4 0, 0, 1;
    %store/vec4 v0000026e30af0270_0, 0, 1;
    %jmp T_3.1;
T_3.0 ;
    %load/vec4 v0000026e30af34a0_0;
    %load/vec4 v0000026e30af3860_0;
    %cmp/e;
    %flag_get/vec4 4;
    %jmp/0 T_3.5, 4;
    %load/vec4 v0000026e30af34a0_0;
    %pad/u 32;
    %pushi/vec4 0, 0, 32;
    %cmp/ne;
    %flag_get/vec4 4;
    %and;
T_3.5;
    %flag_set/vec4 8;
    %jmp/1 T_3.4, 8;
    %load/vec4 v0000026e30af34a0_0;
    %load/vec4 v0000026e30af3860_0;
    %cmp/e;
    %flag_get/vec4 4;
    %jmp/0 T_3.7, 4;
    %load/vec4 v0000026e30af2be0_0;
    %pad/u 32;
    %pushi/vec4 0, 0, 32;
    %cmp/ne;
    %flag_get/vec4 4;
    %and;
T_3.7;
    %flag_set/vec4 10;
    %flag_get/vec4 10;
    %jmp/0 T_3.6, 10;
    %load/vec4 v0000026e30af1210_0;
    %pad/u 32;
    %pushi/vec4 1, 0, 32;
    %cmp/e;
    %flag_get/vec4 4;
    %and;
T_3.6;
    %flag_set/vec4 9;
    %flag_or 8, 9;
T_3.4;
    %jmp/0xz  T_3.2, 8;
    %pushi/vec4 0, 0, 1;
    %store/vec4 v0000026e30af0bd0_0, 0, 1;
    %pushi/vec4 0, 0, 1;
    %store/vec4 v0000026e30af0a90_0, 0, 1;
    %pushi/vec4 0, 0, 1;
    %store/vec4 v0000026e30af0d10_0, 0, 1;
    %pushi/vec4 0, 0, 1;
    %store/vec4 v0000026e30af0db0_0, 0, 1;
    %pushi/vec4 1, 0, 1;
    %store/vec4 v0000026e30af2b40_0, 0, 1;
    %pushi/vec4 1, 0, 1;
    %store/vec4 v0000026e30af0270_0, 0, 1;
    %jmp T_3.3;
T_3.2 ;
    %pushi/vec4 0, 0, 1;
    %store/vec4 v0000026e30af0bd0_0, 0, 1;
    %pushi/vec4 0, 0, 1;
    %store/vec4 v0000026e30af0a90_0, 0, 1;
    %pushi/vec4 0, 0, 1;
    %store/vec4 v0000026e30af0d10_0, 0, 1;
    %pushi/vec4 0, 0, 1;
    %store/vec4 v0000026e30af0db0_0, 0, 1;
    %pushi/vec4 0, 0, 1;
    %store/vec4 v0000026e30af2b40_0, 0, 1;
    %pushi/vec4 0, 0, 1;
    %store/vec4 v0000026e30af0270_0, 0, 1;
T_3.3 ;
T_3.1 ;
    %jmp T_3;
    .thread T_3, $push;
    .scope S_0000026e306b9280;
T_4 ;
    %wait E_0000026e30730d30;
    %load/vec4 v0000026e30af0310_0;
    %pad/u 32;
    %cmpi/e 1, 0, 32;
    %jmp/0xz  T_4.0, 4;
    %pushi/vec4 1, 0, 1;
    %store/vec4 v0000026e30af17b0_0, 0, 1;
    %pushi/vec4 0, 0, 1;
    %store/vec4 v0000026e30af13f0_0, 0, 1;
    %jmp T_4.1;
T_4.0 ;
    %load/vec4 v0000026e30af1030_0;
    %flag_set/vec4 8;
    %jmp/0xz  T_4.2, 8;
    %pushi/vec4 0, 0, 1;
    %store/vec4 v0000026e30af17b0_0, 0, 1;
    %pushi/vec4 1, 0, 1;
    %store/vec4 v0000026e30af13f0_0, 0, 1;
    %jmp T_4.3;
T_4.2 ;
    %pushi/vec4 0, 0, 1;
    %store/vec4 v0000026e30af17b0_0, 0, 1;
    %pushi/vec4 0, 0, 1;
    %store/vec4 v0000026e30af13f0_0, 0, 1;
T_4.3 ;
T_4.1 ;
    %jmp T_4;
    .thread T_4, $push;
    .scope S_0000026e306b9280;
T_5 ;
    %wait E_0000026e307319f0;
    %load/vec4 v0000026e30af2fa0_0;
    %flag_set/vec4 8;
    %jmp/0xz  T_5.0, 8;
    %pushi/vec4 0, 0, 3;
    %assign/vec4 v0000026e30af1850_0, 0;
    %jmp T_5.1;
T_5.0 ;
    %load/vec4 v0000026e30af1710_0;
    %flag_set/vec4 8;
    %jmp/1 T_5.4, 8;
    %load/vec4 v0000026e30af10d0_0;
    %flag_set/vec4 9;
    %flag_or 8, 9;
T_5.4;
    %jmp/0xz  T_5.2, 8;
    %load/vec4 v0000026e30af1850_0;
    %addi 1, 0, 3;
    %assign/vec4 v0000026e30af1850_0, 0;
    %jmp T_5.3;
T_5.2 ;
    %load/vec4 v0000026e30af0810_0;
    %flag_set/vec4 8;
    %jmp/0xz  T_5.5, 8;
    %pushi/vec4 0, 0, 3;
    %assign/vec4 v0000026e30af1850_0, 0;
    %jmp T_5.6;
T_5.5 ;
    %load/vec4 v0000026e30af1850_0;
    %assign/vec4 v0000026e30af1850_0, 0;
T_5.6 ;
T_5.3 ;
T_5.1 ;
    %jmp T_5;
    .thread T_5;
    .scope S_0000026e306b9280;
T_6 ;
    %wait E_0000026e307319f0;
    %load/vec4 v0000026e30af2fa0_0;
    %flag_set/vec4 8;
    %jmp/0 T_6.0, 8;
    %pushi/vec4 0, 0, 1;
    %jmp/1 T_6.1, 8;
T_6.0 ; End of true expr.
    %load/vec4 v0000026e30af10d0_0;
    %jmp/0 T_6.1, 8;
 ; End of false expr.
    %blend;
T_6.1;
    %assign/vec4 v0000026e30af1710_0, 0;
    %jmp T_6;
    .thread T_6;
    .scope S_0000026e306b9280;
T_7 ;
    %wait E_0000026e30731ab0;
    %load/vec4 v0000026e30af2fa0_0;
    %flag_set/vec4 8;
    %jmp/0xz  T_7.0, 8;
    %pushi/vec4 0, 0, 1;
    %store/vec4 v0000026e30af10d0_0, 0, 1;
    %jmp T_7.1;
T_7.0 ;
    %load/vec4 v0000026e30af06d0_0;
    %flag_set/vec4 8;
    %jmp/0xz  T_7.2, 8;
    %pushi/vec4 1, 0, 1;
    %store/vec4 v0000026e30af10d0_0, 0, 1;
    %jmp T_7.3;
T_7.2 ;
    %load/vec4 v0000026e30af0810_0;
    %flag_set/vec4 8;
    %jmp/0xz  T_7.4, 8;
    %pushi/vec4 0, 0, 1;
    %store/vec4 v0000026e30af10d0_0, 0, 1;
    %jmp T_7.5;
T_7.4 ;
    %load/vec4 v0000026e30af1710_0;
    %store/vec4 v0000026e30af10d0_0, 0, 1;
T_7.5 ;
T_7.3 ;
T_7.1 ;
    %jmp T_7;
    .thread T_7, $push;
    .scope S_0000026e306d28e0;
T_8 ;
    %wait E_0000026e307319f0;
    %load/vec4 v0000026e30aee800_0;
    %flag_set/vec4 8;
    %jmp/1 T_8.2, 8;
    %load/vec4 v0000026e30aefac0_0;
    %flag_set/vec4 9;
    %flag_or 8, 9;
T_8.2;
    %jmp/0 T_8.0, 8;
    %pushi/vec4 0, 0, 1;
    %jmp/1 T_8.1, 8;
T_8.0 ; End of true expr.
    %load/vec4 v0000026e30aef160_0;
    %flag_set/vec4 9;
    %jmp/0 T_8.3, 9;
    %pushi/vec4 1, 0, 1;
    %jmp/1 T_8.4, 9;
T_8.3 ; End of true expr.
    %load/vec4 v0000026e30aef840_0;
    %jmp/0 T_8.4, 9;
 ; End of false expr.
    %blend;
T_8.4;
    %jmp/0 T_8.1, 8;
 ; End of false expr.
    %blend;
T_8.1;
    %assign/vec4 v0000026e30aef840_0, 0;
    %jmp T_8;
    .thread T_8;
    .scope S_0000026e306d28e0;
T_9 ;
    %wait E_0000026e307319f0;
    %load/vec4 v0000026e30aee800_0;
    %flag_set/vec4 8;
    %jmp/0 T_9.0, 8;
    %pushi/vec4 0, 0, 8;
    %jmp/1 T_9.1, 8;
T_9.0 ; End of true expr.
    %load/vec4 v0000026e30aef700_0;
    %jmp/0 T_9.1, 8;
 ; End of false expr.
    %blend;
T_9.1;
    %assign/vec4 v0000026e30aeef80_0, 0;
    %jmp T_9;
    .thread T_9;
    .scope S_0000026e306d28e0;
T_10 ;
    %wait E_0000026e307317b0;
    %load/vec4 v0000026e30aeee40_0;
    %flag_set/vec4 8;
    %jmp/0xz  T_10.0, 8;
    %load/vec4 v0000026e30aeef80_0;
    %store/vec4 v0000026e30aef700_0, 0, 8;
    %jmp T_10.1;
T_10.0 ;
    %load/vec4 v0000026e30aeec60_0;
    %flag_set/vec4 8;
    %jmp/0xz  T_10.2, 8;
    %load/vec4 v0000026e30aeea80_0;
    %store/vec4 v0000026e30aef700_0, 0, 8;
    %jmp T_10.3;
T_10.2 ;
    %load/vec4 v0000026e30aee760_0;
    %flag_set/vec4 8;
    %jmp/0xz  T_10.4, 8;
    %load/vec4 v0000026e30aef200_0;
    %store/vec4 v0000026e30aef700_0, 0, 8;
    %jmp T_10.5;
T_10.4 ;
    %load/vec4 v0000026e30aef840_0;
    %flag_set/vec4 8;
    %jmp/0xz  T_10.6, 8;
    %load/vec4 v0000026e30aeed00_0;
    %store/vec4 v0000026e30aef700_0, 0, 8;
    %jmp T_10.7;
T_10.6 ;
    %load/vec4 v0000026e30aeef80_0;
    %store/vec4 v0000026e30aef700_0, 0, 8;
T_10.7 ;
T_10.5 ;
T_10.3 ;
T_10.1 ;
    %jmp T_10;
    .thread T_10, $push;
    .scope S_0000026e306d28e0;
T_11 ;
    %wait E_0000026e307319f0;
    %load/vec4 v0000026e30aee800_0;
    %flag_set/vec4 8;
    %jmp/0xz  T_11.0, 8;
    %pushi/vec4 0, 0, 8;
    %assign/vec4 v0000026e30aeebc0_0, 0;
    %jmp T_11.1;
T_11.0 ;
    %load/vec4 v0000026e30aeee40_0;
    %flag_set/vec4 8;
    %jmp/0xz  T_11.2, 8;
    %load/vec4 v0000026e30aeebc0_0;
    %assign/vec4 v0000026e30aeebc0_0, 0;
    %jmp T_11.3;
T_11.2 ;
    %load/vec4 v0000026e30aee440_0;
    %flag_set/vec4 8;
    %jmp/0xz  T_11.4, 8;
    %pushi/vec4 0, 0, 8;
    %assign/vec4 v0000026e30aeebc0_0, 0;
    %jmp T_11.5;
T_11.4 ;
    %load/vec4 v0000026e30aeed00_0;
    %assign/vec4 v0000026e30aeebc0_0, 0;
T_11.5 ;
T_11.3 ;
T_11.1 ;
    %jmp T_11;
    .thread T_11;
    .scope S_0000026e306e4700;
T_12 ;
    %wait E_0000026e30731770;
    %load/vec4 v0000026e30ae8380_0;
    %dup/vec4;
    %pushi/vec4 2, 0, 4;
    %cmp/u;
    %jmp/1 T_12.0, 6;
    %dup/vec4;
    %pushi/vec4 1, 0, 4;
    %cmp/u;
    %jmp/1 T_12.1, 6;
    %dup/vec4;
    %pushi/vec4 0, 0, 4;
    %cmp/u;
    %jmp/1 T_12.2, 6;
    %dup/vec4;
    %pushi/vec4 4, 0, 4;
    %cmp/u;
    %jmp/1 T_12.3, 6;
    %dup/vec4;
    %pushi/vec4 3, 0, 4;
    %cmp/u;
    %jmp/1 T_12.4, 6;
    %dup/vec4;
    %pushi/vec4 5, 0, 4;
    %cmp/u;
    %jmp/1 T_12.5, 6;
    %dup/vec4;
    %pushi/vec4 7, 0, 4;
    %cmp/u;
    %jmp/1 T_12.6, 6;
    %dup/vec4;
    %pushi/vec4 8, 0, 4;
    %cmp/u;
    %jmp/1 T_12.7, 6;
    %dup/vec4;
    %pushi/vec4 9, 0, 4;
    %cmp/u;
    %jmp/1 T_12.8, 6;
    %dup/vec4;
    %pushi/vec4 15, 0, 4;
    %cmp/u;
    %jmp/1 T_12.9, 6;
    %pushi/vec4 1, 0, 1;
    %store/vec4 v0000026e30ae82e0_0, 0, 1;
    %jmp T_12.11;
T_12.0 ;
    %pushi/vec4 0, 0, 1;
    %store/vec4 v0000026e30ae82e0_0, 0, 1;
    %jmp T_12.11;
T_12.1 ;
    %pushi/vec4 0, 0, 1;
    %store/vec4 v0000026e30ae82e0_0, 0, 1;
    %jmp T_12.11;
T_12.2 ;
    %pushi/vec4 0, 0, 1;
    %store/vec4 v0000026e30ae82e0_0, 0, 1;
    %jmp T_12.11;
T_12.3 ;
    %pushi/vec4 0, 0, 1;
    %store/vec4 v0000026e30ae82e0_0, 0, 1;
    %jmp T_12.11;
T_12.4 ;
    %pushi/vec4 0, 0, 1;
    %store/vec4 v0000026e30ae82e0_0, 0, 1;
    %jmp T_12.11;
T_12.5 ;
    %pushi/vec4 0, 0, 1;
    %store/vec4 v0000026e30ae82e0_0, 0, 1;
    %jmp T_12.11;
T_12.6 ;
    %pushi/vec4 1, 0, 1;
    %store/vec4 v0000026e30ae82e0_0, 0, 1;
    %jmp T_12.11;
T_12.7 ;
    %pushi/vec4 0, 0, 1;
    %store/vec4 v0000026e30ae82e0_0, 0, 1;
    %jmp T_12.11;
T_12.8 ;
    %pushi/vec4 0, 0, 1;
    %store/vec4 v0000026e30ae82e0_0, 0, 1;
    %jmp T_12.11;
T_12.9 ;
    %pushi/vec4 0, 0, 1;
    %store/vec4 v0000026e30ae82e0_0, 0, 1;
    %jmp T_12.11;
T_12.11 ;
    %pop/vec4 1;
    %jmp T_12;
    .thread T_12, $push;
    .scope S_0000026e306a2590;
T_13 ;
    %wait E_0000026e307319f0;
    %load/vec4 v0000026e30aee9e0_0;
    %flag_set/vec4 8;
    %jmp/0xz  T_13.0, 8;
    %load/vec4 v0000026e30ae8b00_0;
    %assign/vec4 v0000026e30ae86a0_0, 0;
    %pushi/vec4 0, 0, 1;
    %assign/vec4 v0000026e30ae87e0_0, 0;
    %pushi/vec4 0, 0, 1;
    %assign/vec4 v0000026e30ae84c0_0, 0;
    %pushi/vec4 0, 0, 1;
    %assign/vec4 v0000026e30ae8d80_0, 0;
    %pushi/vec4 0, 0, 1;
    %assign/vec4 v0000026e30ae8420_0, 0;
    %pushi/vec4 0, 0, 1;
    %assign/vec4 v0000026e30ae9460_0, 0;
    %pushi/vec4 0, 0, 1;
    %assign/vec4 v0000026e30ae9820_0, 0;
    %pushi/vec4 0, 0, 1;
    %assign/vec4 v0000026e30ae8f60_0, 0;
    %pushi/vec4 0, 0, 1;
    %assign/vec4 v0000026e30ae98c0_0, 0;
    %pushi/vec4 0, 0, 1;
    %assign/vec4 v0000026e30ae9dc0_0, 0;
    %jmp T_13.1;
T_13.0 ;
    %load/vec4 v0000026e30aef7a0_0;
    %flag_set/vec4 8;
    %jmp/0xz  T_13.2, 8;
    %load/vec4 v0000026e30ae86a0_0;
    %assign/vec4 v0000026e30ae86a0_0, 0;
    %load/vec4 v0000026e30ae87e0_0;
    %assign/vec4 v0000026e30ae87e0_0, 0;
    %load/vec4 v0000026e30ae84c0_0;
    %assign/vec4 v0000026e30ae84c0_0, 0;
    %load/vec4 v0000026e30ae8d80_0;
    %assign/vec4 v0000026e30ae8d80_0, 0;
    %load/vec4 v0000026e30ae8420_0;
    %assign/vec4 v0000026e30ae8420_0, 0;
    %load/vec4 v0000026e30ae9460_0;
    %assign/vec4 v0000026e30ae9460_0, 0;
    %load/vec4 v0000026e30ae9820_0;
    %assign/vec4 v0000026e30ae9820_0, 0;
    %load/vec4 v0000026e30ae8f60_0;
    %assign/vec4 v0000026e30ae8f60_0, 0;
    %load/vec4 v0000026e30ae98c0_0;
    %assign/vec4 v0000026e30ae98c0_0, 0;
    %load/vec4 v0000026e30ae9dc0_0;
    %assign/vec4 v0000026e30ae9dc0_0, 0;
    %jmp T_13.3;
T_13.2 ;
    %load/vec4 v0000026e30ae9640_0;
    %flag_set/vec4 8;
    %jmp/0xz  T_13.4, 8;
    %pushi/vec4 0, 0, 8;
    %assign/vec4 v0000026e30ae86a0_0, 0;
    %pushi/vec4 0, 0, 1;
    %assign/vec4 v0000026e30ae87e0_0, 0;
    %pushi/vec4 0, 0, 1;
    %assign/vec4 v0000026e30ae84c0_0, 0;
    %pushi/vec4 0, 0, 1;
    %assign/vec4 v0000026e30ae8d80_0, 0;
    %pushi/vec4 0, 0, 1;
    %assign/vec4 v0000026e30ae8420_0, 0;
    %pushi/vec4 0, 0, 1;
    %assign/vec4 v0000026e30ae9460_0, 0;
    %pushi/vec4 0, 0, 1;
    %assign/vec4 v0000026e30ae9820_0, 0;
    %pushi/vec4 0, 0, 1;
    %assign/vec4 v0000026e30ae8f60_0, 0;
    %pushi/vec4 0, 0, 1;
    %assign/vec4 v0000026e30ae98c0_0, 0;
    %pushi/vec4 0, 0, 1;
    %assign/vec4 v0000026e30ae9dc0_0, 0;
    %jmp T_13.5;
T_13.4 ;
    %load/vec4 v0000026e30ae8b00_0;
    %assign/vec4 v0000026e30ae86a0_0, 0;
    %load/vec4 v0000026e30ae9500_0;
    %assign/vec4 v0000026e30ae87e0_0, 0;
    %load/vec4 v0000026e30ae9c80_0;
    %assign/vec4 v0000026e30ae84c0_0, 0;
    %load/vec4 v0000026e30ae9140_0;
    %assign/vec4 v0000026e30ae8d80_0, 0;
    %load/vec4 v0000026e30ae8ba0_0;
    %assign/vec4 v0000026e30ae8420_0, 0;
    %load/vec4 v0000026e30ae9a00_0;
    %assign/vec4 v0000026e30ae9460_0, 0;
    %load/vec4 v0000026e30ae93c0_0;
    %assign/vec4 v0000026e30ae9820_0, 0;
    %load/vec4 v0000026e30ae8560_0;
    %assign/vec4 v0000026e30ae8f60_0, 0;
    %load/vec4 v0000026e30ae8600_0;
    %assign/vec4 v0000026e30ae98c0_0, 0;
    %load/vec4 v0000026e30ae9280_0;
    %assign/vec4 v0000026e30ae9dc0_0, 0;
T_13.5 ;
T_13.3 ;
T_13.1 ;
    %jmp T_13;
    .thread T_13;
    .scope S_0000026e30af4270;
T_14 ;
    %wait E_0000026e30731b70;
    %fork t_1, S_0000026e30af4400;
    %jmp t_0;
    .scope S_0000026e30af4400;
t_1 ;
    %load/vec4 v0000026e30af2500_0;
    %flag_set/vec4 8;
    %jmp/0xz  T_14.0, 8;
    %pushi/vec4 0, 0, 32;
    %store/vec4 v0000026e30af2140_0, 0, 32;
T_14.2 ;
    %load/vec4 v0000026e30af2140_0;
    %cmpi/s 16, 0, 32;
    %jmp/0xz T_14.3, 5;
    %pushi/vec4 0, 0, 16;
    %ix/getv/s 3, v0000026e30af2140_0;
    %ix/load 4, 0, 0; Constant delay
    %assign/vec4/a/d v0000026e30af2f00, 0, 4;
    %load/vec4 v0000026e30af2140_0;
    %addi 1, 0, 32;
    %store/vec4 v0000026e30af2140_0, 0, 32;
    %jmp T_14.2;
T_14.3 ;
    %jmp T_14.1;
T_14.0 ;
    %load/vec4 v0000026e30af3040_0;
    %flag_set/vec4 8;
    %jmp/0xz  T_14.4, 8;
    %load/vec4 v0000026e30af2320_0;
    %load/vec4 v0000026e30af3e00_0;
    %pad/u 6;
    %ix/vec4 3;
    %ix/load 4, 0, 0; Constant delay
    %assign/vec4/a/d v0000026e30af2f00, 0, 4;
T_14.4 ;
T_14.1 ;
    %end;
    .scope S_0000026e30af4270;
t_0 %join;
    %jmp T_14;
    .thread T_14;
    .scope S_0000026e3073ee30;
T_15 ;
    %wait E_0000026e30730cb0;
    %load/vec4 v0000026e3073bd60_0;
    %dup/vec4;
    %pushi/vec4 0, 0, 2;
    %cmp/u;
    %jmp/1 T_15.0, 6;
    %dup/vec4;
    %pushi/vec4 1, 0, 2;
    %cmp/u;
    %jmp/1 T_15.1, 6;
    %dup/vec4;
    %pushi/vec4 2, 0, 2;
    %cmp/u;
    %jmp/1 T_15.2, 6;
    %load/vec4 v0000026e30ae8c40_0;
    %store/vec4 v0000026e3073ba40_0, 0, 16;
    %jmp T_15.4;
T_15.0 ;
    %load/vec4 v0000026e30ae8c40_0;
    %store/vec4 v0000026e3073ba40_0, 0, 16;
    %jmp T_15.4;
T_15.1 ;
    %load/vec4 v0000026e3073b400_0;
    %store/vec4 v0000026e3073ba40_0, 0, 16;
    %jmp T_15.4;
T_15.2 ;
    %load/vec4 v0000026e3073b180_0;
    %store/vec4 v0000026e3073ba40_0, 0, 16;
    %jmp T_15.4;
T_15.4 ;
    %pop/vec4 1;
    %jmp T_15;
    .thread T_15, $push;
    .scope S_0000026e3073ee30;
T_16 ;
    %wait E_0000026e30730eb0;
    %load/vec4 v0000026e3073be00_0;
    %dup/vec4;
    %pushi/vec4 0, 0, 2;
    %cmp/u;
    %jmp/1 T_16.0, 6;
    %dup/vec4;
    %pushi/vec4 1, 0, 2;
    %cmp/u;
    %jmp/1 T_16.1, 6;
    %dup/vec4;
    %pushi/vec4 2, 0, 2;
    %cmp/u;
    %jmp/1 T_16.2, 6;
    %load/vec4 v0000026e30ae9d20_0;
    %store/vec4 v0000026e3073bae0_0, 0, 16;
    %jmp T_16.4;
T_16.0 ;
    %load/vec4 v0000026e30ae9d20_0;
    %store/vec4 v0000026e3073bae0_0, 0, 16;
    %jmp T_16.4;
T_16.1 ;
    %load/vec4 v0000026e3073b400_0;
    %store/vec4 v0000026e3073bae0_0, 0, 16;
    %jmp T_16.4;
T_16.2 ;
    %load/vec4 v0000026e3073b180_0;
    %store/vec4 v0000026e3073bae0_0, 0, 16;
    %jmp T_16.4;
T_16.4 ;
    %pop/vec4 1;
    %jmp T_16;
    .thread T_16, $push;
    .scope S_0000026e3073ee30;
T_17 ;
    %wait E_0000026e307319f0;
    %load/vec4 v0000026e30ae9f00_0;
    %flag_set/vec4 8;
    %jmp/0xz  T_17.0, 8;
    %pushi/vec4 0, 0, 8;
    %assign/vec4 v0000026e3073b2c0_0, 0;
    %pushi/vec4 0, 0, 16;
    %assign/vec4 v0000026e3073a820_0, 0;
    %pushi/vec4 0, 0, 8;
    %assign/vec4 v0000026e30ae9aa0_0, 0;
    %pushi/vec4 0, 0, 4;
    %assign/vec4 v0000026e30ae9b40_0, 0;
    %pushi/vec4 0, 0, 4;
    %assign/vec4 v0000026e3073b4a0_0, 0;
    %pushi/vec4 0, 0, 16;
    %assign/vec4 v0000026e3073a000_0, 0;
    %pushi/vec4 0, 0, 1;
    %assign/vec4 v0000026e3073abe0_0, 0;
    %pushi/vec4 0, 0, 1;
    %assign/vec4 v0000026e3073a3c0_0, 0;
    %pushi/vec4 0, 0, 1;
    %assign/vec4 v0000026e3073bb80_0, 0;
    %pushi/vec4 0, 0, 1;
    %assign/vec4 v0000026e3073b0e0_0, 0;
    %pushi/vec4 0, 0, 1;
    %assign/vec4 v0000026e3073aa00_0, 0;
    %pushi/vec4 0, 0, 1;
    %assign/vec4 v0000026e3073b7c0_0, 0;
    %jmp T_17.1;
T_17.0 ;
    %load/vec4 v0000026e3072ce80_0;
    %flag_set/vec4 8;
    %jmp/0xz  T_17.2, 8;
    %pushi/vec4 0, 0, 8;
    %assign/vec4 v0000026e3073b2c0_0, 0;
    %pushi/vec4 0, 0, 16;
    %assign/vec4 v0000026e3073a820_0, 0;
    %pushi/vec4 0, 0, 8;
    %assign/vec4 v0000026e30ae9aa0_0, 0;
    %pushi/vec4 0, 0, 4;
    %assign/vec4 v0000026e30ae9b40_0, 0;
    %pushi/vec4 0, 0, 4;
    %assign/vec4 v0000026e3073b4a0_0, 0;
    %pushi/vec4 0, 0, 16;
    %assign/vec4 v0000026e3073a000_0, 0;
    %pushi/vec4 0, 0, 1;
    %assign/vec4 v0000026e3073abe0_0, 0;
    %pushi/vec4 0, 0, 1;
    %assign/vec4 v0000026e3073a3c0_0, 0;
    %pushi/vec4 0, 0, 1;
    %assign/vec4 v0000026e3073bb80_0, 0;
    %pushi/vec4 0, 0, 1;
    %assign/vec4 v0000026e3073b0e0_0, 0;
    %pushi/vec4 0, 0, 1;
    %assign/vec4 v0000026e3073aa00_0, 0;
    %pushi/vec4 0, 0, 1;
    %assign/vec4 v0000026e3073b7c0_0, 0;
    %jmp T_17.3;
T_17.2 ;
    %load/vec4 v0000026e30ae9320_0;
    %flag_set/vec4 8;
    %jmp/0xz  T_17.4, 8;
    %load/vec4 v0000026e3073b2c0_0;
    %assign/vec4 v0000026e3073b2c0_0, 0;
    %load/vec4 v0000026e3073a820_0;
    %assign/vec4 v0000026e3073a820_0, 0;
    %load/vec4 v0000026e30ae9aa0_0;
    %assign/vec4 v0000026e30ae9aa0_0, 0;
    %load/vec4 v0000026e30ae9b40_0;
    %assign/vec4 v0000026e30ae9b40_0, 0;
    %load/vec4 v0000026e3073b4a0_0;
    %assign/vec4 v0000026e3073b4a0_0, 0;
    %load/vec4 v0000026e3073a000_0;
    %assign/vec4 v0000026e3073a000_0, 0;
    %load/vec4 v0000026e3073abe0_0;
    %assign/vec4 v0000026e3073abe0_0, 0;
    %load/vec4 v0000026e3073a3c0_0;
    %assign/vec4 v0000026e3073a3c0_0, 0;
    %load/vec4 v0000026e3073bb80_0;
    %assign/vec4 v0000026e3073bb80_0, 0;
    %load/vec4 v0000026e3073b0e0_0;
    %assign/vec4 v0000026e3073b0e0_0, 0;
    %load/vec4 v0000026e3073aa00_0;
    %assign/vec4 v0000026e3073aa00_0, 0;
    %load/vec4 v0000026e3073b7c0_0;
    %assign/vec4 v0000026e3073b7c0_0, 0;
    %jmp T_17.5;
T_17.4 ;
    %load/vec4 v0000026e3073a6e0_0;
    %assign/vec4 v0000026e3073b2c0_0, 0;
    %load/vec4 v0000026e3073a780_0;
    %assign/vec4 v0000026e3073a820_0, 0;
    %load/vec4 v0000026e30ae8920_0;
    %assign/vec4 v0000026e30ae9aa0_0, 0;
    %load/vec4 v0000026e30ae8ce0_0;
    %assign/vec4 v0000026e30ae9b40_0, 0;
    %load/vec4 v0000026e3073b220_0;
    %pad/u 4;
    %assign/vec4 v0000026e3073b4a0_0, 0;
    %load/vec4 v0000026e3072cde0_0;
    %assign/vec4 v0000026e3073a000_0, 0;
    %load/vec4 v0000026e3073adc0_0;
    %assign/vec4 v0000026e3073abe0_0, 0;
    %load/vec4 v0000026e3073b5e0_0;
    %assign/vec4 v0000026e3073a3c0_0, 0;
    %load/vec4 v0000026e3073a640_0;
    %assign/vec4 v0000026e3073bb80_0, 0;
    %load/vec4 v0000026e3073bc20_0;
    %assign/vec4 v0000026e3073b0e0_0, 0;
    %load/vec4 v0000026e3073ab40_0;
    %assign/vec4 v0000026e3073aa00_0, 0;
    %load/vec4 v0000026e3073b9a0_0;
    %assign/vec4 v0000026e3073b7c0_0, 0;
T_17.5 ;
T_17.3 ;
T_17.1 ;
    %jmp T_17;
    .thread T_17;
    .scope S_0000026e306d2a70;
T_18 ;
    %wait E_0000026e307319f0;
    %load/vec4 v0000026e30af0450_0;
    %flag_set/vec4 8;
    %jmp/0xz  T_18.0, 8;
    %pushi/vec4 0, 0, 1;
    %assign/vec4 v0000026e30aee120_0, 0;
    %pushi/vec4 0, 0, 1;
    %assign/vec4 v0000026e30aefb60_0, 0;
    %pushi/vec4 0, 0, 16;
    %assign/vec4 v0000026e30aefca0_0, 0;
    %pushi/vec4 0, 0, 4;
    %assign/vec4 v0000026e30af1530_0, 0;
    %jmp T_18.1;
T_18.0 ;
    %load/vec4 v0000026e30af1990_0;
    %flag_set/vec4 8;
    %jmp/0xz  T_18.2, 8;
    %load/vec4 v0000026e30aee120_0;
    %assign/vec4 v0000026e30aee120_0, 0;
    %load/vec4 v0000026e30aefb60_0;
    %assign/vec4 v0000026e30aefb60_0, 0;
    %load/vec4 v0000026e30aefca0_0;
    %assign/vec4 v0000026e30aefca0_0, 0;
    %load/vec4 v0000026e30af1530_0;
    %assign/vec4 v0000026e30af1530_0, 0;
    %jmp T_18.3;
T_18.2 ;
    %load/vec4 v0000026e30aefc00_0;
    %assign/vec4 v0000026e30aee120_0, 0;
    %load/vec4 v0000026e30aee080_0;
    %assign/vec4 v0000026e30aefb60_0, 0;
    %load/vec4 v0000026e30aee260_0;
    %assign/vec4 v0000026e30aefca0_0, 0;
    %load/vec4 v0000026e30af1490_0;
    %assign/vec4 v0000026e30af1530_0, 0;
T_18.3 ;
T_18.1 ;
    %jmp T_18;
    .thread T_18;
    .scope S_0000026e3068cfd0;
T_19 ;
    %wait E_0000026e307319f0;
    %load/vec4 v0000026e30af5b90_0;
    %flag_set/vec4 8;
    %jmp/0 T_19.0, 8;
    %pushi/vec4 0, 0, 1;
    %jmp/1 T_19.1, 8;
T_19.0 ; End of true expr.
    %load/vec4 v0000026e30af3c20_0;
    %pad/u 32;
    %cmpi/u 3, 0, 32;
    %flag_inv 5; GE is !LT
    %flag_mov 9, 5;
    %jmp/0 T_19.2, 9;
    %load/vec4 v0000026e30af5af0_0;
    %jmp/1 T_19.3, 9;
T_19.2 ; End of true expr.
    %load/vec4 v0000026e30af5d70_0;
    %jmp/0 T_19.3, 9;
 ; End of false expr.
    %blend;
T_19.3;
    %jmp/0 T_19.1, 8;
 ; End of false expr.
    %blend;
T_19.1;
    %assign/vec4 v0000026e30af5d70_0, 0;
    %jmp T_19;
    .thread T_19;
# The file index is used to find the file name in the following table.
:file_names 11;
    "N/A";
    "<interactive>";
    "pipelinedPS.v";
    "./EX.v";
    "./ID.v";
    "./CTR.v";
    "./IF.v";
    "./MEM.v";
    "./WB.v";
    "./hazardUnit.v";
    "./reg_file.v";
